2025-10-29 15:41:01,808 - src.medical_rag_system - INFO - Initializing Medical RAG System
2025-10-29 15:41:02,896 - embedding_manager - INFO - Loading PubMedBERT model: microsoft/BiomedNLP-PubMedBERT-base-uncased-abstract-fulltext
2025-10-29 15:41:06,487 - embedding_manager - INFO - Loaded FAISS index with 4847 vectors
2025-10-29 15:41:06,647 - elastic_transport.transport - INFO - GET http://localhost:9200/ [status:200 duration:0.160s]
2025-10-29 15:41:06,647 - elasticsearch_manager - INFO - ElasticSearch cluster: docker-cluster
2025-10-29 15:41:06,649 - elasticsearch_manager - INFO - Connected to ElasticSearch at localhost:9200
2025-10-29 15:41:06,651 - rag_pipeline - INFO - Loading PubMedBERT model: microsoft/BiomedNLP-PubMedBERT-base-uncased-abstract-fulltext
2025-10-29 15:41:09,116 - rag_pipeline - INFO - PubMedBERT model loaded successfully
2025-10-29 15:41:09,117 - rag_pipeline - INFO - Loading QA model: ktrapeznikov/biobert_v1.1_pubmed_squad_v2
2025-10-29 15:41:10,435 - rag_pipeline - INFO - QA model loaded successfully
2025-10-29 15:41:10,436 - src.medical_rag_system - INFO - Medical RAG System initialized successfully
2025-10-29 15:41:10,437 - src.medical_rag_system - INFO - Answering question: What is the concentration of lidocaine in XYLOCAINE Jelly 2%?
2025-10-29 15:41:10,437 - src.medical_rag_system - INFO - Searching for: What is the concentration of lidocaine in XYLOCAINE Jelly 2%?
2025-10-29 15:41:10,438 - embedding_manager - INFO - Generating embeddings for 1 texts
2025-10-29 15:41:12,988 - elastic_transport.transport - INFO - POST http://localhost:9200/medical_documents/_search [status:200 duration:0.733s]
2025-10-29 15:41:12,989 - elasticsearch_manager - INFO - Found 20 results for query: What is the concentration of lidocaine in XYLOCAINE Jelly 2%?
2025-10-29 15:41:13,277 - elastic_transport.transport - INFO - POST http://localhost:9200/medical_documents/_search [status:200 duration:0.289s]
2025-10-29 15:41:13,277 - elasticsearch_manager - INFO - Found 10 results for query: What is the concentration of lidocaine in XYLOCAINE Jelly 2%?
2025-10-29 15:41:13,277 - rag_pipeline - INFO - Answering question: What is the concentration of lidocaine in XYLOCAINE Jelly 2%?
2025-10-29 15:41:13,281 - rag_pipeline - INFO - Question type detection - Contra: False, MOA: False, Indication: False, Dosage: False, Side effects: False, Interactions: False, Storage: False, General: True
2025-10-29 15:50:03,147 - src.medical_rag_system - INFO - Initializing Medical RAG System
2025-10-29 15:50:03,655 - embedding_manager - INFO - Loading PubMedBERT model: microsoft/BiomedNLP-PubMedBERT-base-uncased-abstract-fulltext
2025-10-29 15:50:06,693 - embedding_manager - INFO - Loaded FAISS index with 4847 vectors
2025-10-29 15:50:06,712 - elastic_transport.transport - INFO - GET http://localhost:9200/ [status:200 duration:0.016s]
2025-10-29 15:50:06,712 - elasticsearch_manager - INFO - ElasticSearch cluster: docker-cluster
2025-10-29 15:50:06,713 - elasticsearch_manager - INFO - Connected to ElasticSearch at localhost:9200
2025-10-29 15:50:06,714 - rag_pipeline - INFO - Loading PubMedBERT model: microsoft/BiomedNLP-PubMedBERT-base-uncased-abstract-fulltext
2025-10-29 15:50:09,439 - rag_pipeline - INFO - PubMedBERT model loaded successfully
2025-10-29 15:50:09,439 - rag_pipeline - INFO - Loading QA model: ktrapeznikov/biobert_v1.1_pubmed_squad_v2
2025-10-29 15:50:10,829 - rag_pipeline - INFO - QA model loaded successfully
2025-10-29 15:50:10,829 - src.medical_rag_system - INFO - Medical RAG System initialized successfully
2025-10-29 15:50:10,830 - src.medical_rag_system - INFO - Answering question: Name two medical procedures where XYLOCAINE Jelly is used.
2025-10-29 15:50:10,831 - src.medical_rag_system - INFO - Searching for: Name two medical procedures where XYLOCAINE Jelly is used.
2025-10-29 15:50:10,831 - embedding_manager - INFO - Generating embeddings for 1 texts
2025-10-29 15:50:13,667 - elastic_transport.transport - INFO - POST http://localhost:9200/medical_documents/_search [status:200 duration:0.564s]
2025-10-29 15:50:13,668 - elasticsearch_manager - INFO - Found 20 results for query: Name two medical procedures where XYLOCAINE Jelly is used.
2025-10-29 15:50:13,918 - elastic_transport.transport - INFO - POST http://localhost:9200/medical_documents/_search [status:200 duration:0.250s]
2025-10-29 15:50:13,918 - elasticsearch_manager - INFO - Found 10 results for query: Name two medical procedures where XYLOCAINE Jelly is used.
2025-10-29 15:50:13,918 - rag_pipeline - INFO - Answering question: Name two medical procedures where XYLOCAINE Jelly is used.
2025-10-29 15:50:13,923 - rag_pipeline - INFO - Question type detection - Contra: False, MOA: False, Indication: False, Dosage: False, Side effects: False, Interactions: False, Storage: False, General: False
2025-10-29 16:04:37,666 - src.medical_rag_system - INFO - Initializing Medical RAG System
2025-10-29 16:04:38,159 - embedding_manager - INFO - Loading PubMedBERT model: microsoft/BiomedNLP-PubMedBERT-base-uncased-abstract-fulltext
2025-10-29 16:04:40,758 - embedding_manager - INFO - Loaded FAISS index with 4847 vectors
2025-10-29 16:04:40,781 - elastic_transport.transport - INFO - GET http://localhost:9200/ [status:200 duration:0.023s]
2025-10-29 16:04:40,781 - elasticsearch_manager - INFO - ElasticSearch cluster: docker-cluster
2025-10-29 16:04:40,781 - elasticsearch_manager - INFO - Connected to ElasticSearch at localhost:9200
2025-10-29 16:04:40,782 - rag_pipeline - INFO - Loading PubMedBERT model: microsoft/BiomedNLP-PubMedBERT-base-uncased-abstract-fulltext
2025-10-29 16:04:42,859 - rag_pipeline - INFO - PubMedBERT model loaded successfully
2025-10-29 16:04:42,859 - rag_pipeline - INFO - Loading QA model: ktrapeznikov/biobert_v1.1_pubmed_squad_v2
2025-10-29 16:04:43,758 - rag_pipeline - INFO - QA model loaded successfully
2025-10-29 16:04:43,758 - src.medical_rag_system - INFO - Medical RAG System initialized successfully
2025-10-29 16:04:43,758 - src.medical_rag_system - INFO - Answering question: List the indications for the XYLOCAINE Jelly 2%
2025-10-29 16:04:43,758 - src.medical_rag_system - INFO - Searching for: List the indications for the XYLOCAINE Jelly 2%
2025-10-29 16:04:43,758 - embedding_manager - INFO - Generating embeddings for 1 texts
2025-10-29 16:04:44,440 - elastic_transport.transport - INFO - POST http://localhost:9200/medical_documents/_search [status:200 duration:0.361s]
2025-10-29 16:04:44,440 - elasticsearch_manager - INFO - Found 20 results for query: List the indications for the XYLOCAINE Jelly 2%
2025-10-29 16:04:44,603 - elastic_transport.transport - INFO - POST http://localhost:9200/medical_documents/_search [status:200 duration:0.163s]
2025-10-29 16:04:44,603 - elasticsearch_manager - INFO - Found 10 results for query: List the indications for the XYLOCAINE Jelly 2%
2025-10-29 16:04:44,603 - rag_pipeline - INFO - Answering question: List the indications for the XYLOCAINE Jelly 2%
2025-10-29 16:04:44,607 - rag_pipeline - INFO - Question type detection - Contra: False, MOA: False, Indication: True, Dosage: False, Side effects: False, Interactions: False, Storage: False, General: False
2025-10-29 16:05:59,877 - src.medical_rag_system - INFO - Initializing Medical RAG System
2025-10-29 16:06:00,332 - embedding_manager - INFO - Loading PubMedBERT model: microsoft/BiomedNLP-PubMedBERT-base-uncased-abstract-fulltext
2025-10-29 16:06:02,538 - embedding_manager - INFO - Loaded FAISS index with 4847 vectors
2025-10-29 16:06:02,547 - elastic_transport.transport - INFO - GET http://localhost:9200/ [status:200 duration:0.009s]
2025-10-29 16:06:02,547 - elasticsearch_manager - INFO - ElasticSearch cluster: docker-cluster
2025-10-29 16:06:02,547 - elasticsearch_manager - INFO - Connected to ElasticSearch at localhost:9200
2025-10-29 16:06:02,548 - rag_pipeline - INFO - Loading PubMedBERT model: microsoft/BiomedNLP-PubMedBERT-base-uncased-abstract-fulltext
2025-10-29 16:06:04,557 - rag_pipeline - INFO - PubMedBERT model loaded successfully
2025-10-29 16:06:04,557 - rag_pipeline - INFO - Loading QA model: ktrapeznikov/biobert_v1.1_pubmed_squad_v2
2025-10-29 16:06:05,430 - rag_pipeline - INFO - QA model loaded successfully
2025-10-29 16:06:05,430 - src.medical_rag_system - INFO - Medical RAG System initialized successfully
2025-10-29 16:06:05,431 - src.medical_rag_system - INFO - Answering question: what are the indications for the XYLOCAINE Jelly 2%
2025-10-29 16:06:05,432 - src.medical_rag_system - INFO - Searching for: what are the indications for the XYLOCAINE Jelly 2%
2025-10-29 16:06:05,433 - embedding_manager - INFO - Generating embeddings for 1 texts
2025-10-29 16:06:06,146 - elastic_transport.transport - INFO - POST http://localhost:9200/medical_documents/_search [status:200 duration:0.320s]
2025-10-29 16:06:06,146 - elasticsearch_manager - INFO - Found 20 results for query: what are the indications for the XYLOCAINE Jelly 2%
2025-10-29 16:06:06,304 - elastic_transport.transport - INFO - POST http://localhost:9200/medical_documents/_search [status:200 duration:0.156s]
2025-10-29 16:06:06,304 - elasticsearch_manager - INFO - Found 10 results for query: what are the indications for the XYLOCAINE Jelly 2%
2025-10-29 16:06:06,304 - rag_pipeline - INFO - Answering question: what are the indications for the XYLOCAINE Jelly 2%
2025-10-29 16:06:06,310 - rag_pipeline - INFO - Question type detection - Contra: False, MOA: False, Indication: True, Dosage: False, Side effects: False, Interactions: False, Storage: False, General: False
2025-10-29 16:06:48,859 - src.medical_rag_system - INFO - Initializing Medical RAG System
2025-10-29 16:06:49,292 - embedding_manager - INFO - Loading PubMedBERT model: microsoft/BiomedNLP-PubMedBERT-base-uncased-abstract-fulltext
2025-10-29 16:06:51,465 - embedding_manager - INFO - Loaded FAISS index with 4847 vectors
2025-10-29 16:06:51,473 - elastic_transport.transport - INFO - GET http://localhost:9200/ [status:200 duration:0.008s]
2025-10-29 16:06:51,473 - elasticsearch_manager - INFO - ElasticSearch cluster: docker-cluster
2025-10-29 16:06:51,473 - elasticsearch_manager - INFO - Connected to ElasticSearch at localhost:9200
2025-10-29 16:06:51,474 - rag_pipeline - INFO - Loading PubMedBERT model: microsoft/BiomedNLP-PubMedBERT-base-uncased-abstract-fulltext
2025-10-29 16:06:53,490 - rag_pipeline - INFO - PubMedBERT model loaded successfully
2025-10-29 16:06:53,490 - rag_pipeline - INFO - Loading QA model: ktrapeznikov/biobert_v1.1_pubmed_squad_v2
2025-10-29 16:06:54,354 - rag_pipeline - INFO - QA model loaded successfully
2025-10-29 16:06:54,356 - src.medical_rag_system - INFO - Medical RAG System initialized successfully
2025-10-29 16:06:54,356 - src.medical_rag_system - INFO - Answering question: what is XYLOCAINE Jelly 2% (lidocaine hydrochloride) is indicated for
2025-10-29 16:06:54,356 - src.medical_rag_system - INFO - Searching for: what is XYLOCAINE Jelly 2% (lidocaine hydrochloride) is indicated for
2025-10-29 16:06:54,356 - embedding_manager - INFO - Generating embeddings for 1 texts
2025-10-29 16:06:55,138 - elastic_transport.transport - INFO - POST http://localhost:9200/medical_documents/_search [status:200 duration:0.465s]
2025-10-29 16:06:55,138 - elasticsearch_manager - INFO - Found 20 results for query: what is XYLOCAINE Jelly 2% (lidocaine hydrochloride) is indicated for
2025-10-29 16:06:55,346 - elastic_transport.transport - INFO - POST http://localhost:9200/medical_documents/_search [status:200 duration:0.208s]
2025-10-29 16:06:55,348 - elasticsearch_manager - INFO - Found 10 results for query: what is XYLOCAINE Jelly 2% (lidocaine hydrochloride) is indicated for
2025-10-29 16:06:55,349 - rag_pipeline - INFO - Answering question: what is XYLOCAINE Jelly 2% (lidocaine hydrochloride) is indicated for
2025-10-29 16:06:55,351 - rag_pipeline - INFO - Question type detection - Contra: False, MOA: False, Indication: False, Dosage: False, Side effects: False, Interactions: False, Storage: False, General: True
2025-10-29 16:07:40,859 - src.medical_rag_system - INFO - Initializing Medical RAG System
2025-10-29 16:07:41,296 - embedding_manager - INFO - Loading PubMedBERT model: microsoft/BiomedNLP-PubMedBERT-base-uncased-abstract-fulltext
2025-10-29 16:07:43,435 - embedding_manager - INFO - Loaded FAISS index with 4847 vectors
2025-10-29 16:07:43,435 - elastic_transport.transport - INFO - GET http://localhost:9200/ [status:200 duration:0.000s]
2025-10-29 16:07:43,446 - elasticsearch_manager - INFO - ElasticSearch cluster: docker-cluster
2025-10-29 16:07:43,446 - elasticsearch_manager - INFO - Connected to ElasticSearch at localhost:9200
2025-10-29 16:07:43,446 - rag_pipeline - INFO - Loading PubMedBERT model: microsoft/BiomedNLP-PubMedBERT-base-uncased-abstract-fulltext
2025-10-29 16:07:45,481 - rag_pipeline - INFO - PubMedBERT model loaded successfully
2025-10-29 16:07:45,482 - rag_pipeline - INFO - Loading QA model: ktrapeznikov/biobert_v1.1_pubmed_squad_v2
2025-10-29 16:07:46,335 - rag_pipeline - INFO - QA model loaded successfully
2025-10-29 16:07:46,335 - src.medical_rag_system - INFO - Medical RAG System initialized successfully
2025-10-29 16:07:46,335 - src.medical_rag_system - INFO - Answering question: what are the indications for the XYLOCAINE Jelly 2%
2025-10-29 16:07:46,340 - src.medical_rag_system - INFO - Searching for: what are the indications for the XYLOCAINE Jelly 2%
2025-10-29 16:07:46,340 - embedding_manager - INFO - Generating embeddings for 1 texts
2025-10-29 16:07:46,895 - elastic_transport.transport - INFO - POST http://localhost:9200/medical_documents/_search [status:200 duration:0.245s]
2025-10-29 16:07:46,895 - elasticsearch_manager - INFO - Found 20 results for query: what are the indications for the XYLOCAINE Jelly 2%
2025-10-29 16:07:47,021 - elastic_transport.transport - INFO - POST http://localhost:9200/medical_documents/_search [status:200 duration:0.126s]
2025-10-29 16:07:47,021 - elasticsearch_manager - INFO - Found 10 results for query: what are the indications for the XYLOCAINE Jelly 2%
2025-10-29 16:07:47,022 - rag_pipeline - INFO - Answering question: what are the indications for the XYLOCAINE Jelly 2%
2025-10-29 16:07:47,023 - rag_pipeline - INFO - Question type detection - Contra: False, MOA: False, Indication: True, Dosage: False, Side effects: False, Interactions: False, Storage: False, General: False
2025-10-29 16:09:08,973 - src.medical_rag_system - INFO - Initializing Medical RAG System
2025-10-29 16:09:09,403 - embedding_manager - INFO - Loading PubMedBERT model: microsoft/BiomedNLP-PubMedBERT-base-uncased-abstract-fulltext
2025-10-29 16:09:11,532 - embedding_manager - INFO - Loaded FAISS index with 4847 vectors
2025-10-29 16:09:11,549 - elastic_transport.transport - INFO - GET http://localhost:9200/ [status:200 duration:0.016s]
2025-10-29 16:09:11,549 - elasticsearch_manager - INFO - ElasticSearch cluster: docker-cluster
2025-10-29 16:09:11,550 - elasticsearch_manager - INFO - Connected to ElasticSearch at localhost:9200
2025-10-29 16:09:11,550 - rag_pipeline - INFO - Loading PubMedBERT model: microsoft/BiomedNLP-PubMedBERT-base-uncased-abstract-fulltext
2025-10-29 16:09:13,588 - rag_pipeline - INFO - PubMedBERT model loaded successfully
2025-10-29 16:09:13,588 - rag_pipeline - INFO - Loading QA model: ktrapeznikov/biobert_v1.1_pubmed_squad_v2
2025-10-29 16:09:14,454 - rag_pipeline - INFO - QA model loaded successfully
2025-10-29 16:09:14,454 - src.medical_rag_system - INFO - Medical RAG System initialized successfully
2025-10-29 16:09:14,454 - src.medical_rag_system - INFO - Answering question: Indications  for the XYLOCAINE Jelly 2%(lidocaine hydrocloride)
2025-10-29 16:09:14,454 - src.medical_rag_system - INFO - Searching for: Indications  for the XYLOCAINE Jelly 2%(lidocaine hydrocloride)
2025-10-29 16:09:14,454 - embedding_manager - INFO - Generating embeddings for 1 texts
2025-10-29 16:09:15,167 - elastic_transport.transport - INFO - POST http://localhost:9200/medical_documents/_search [status:200 duration:0.398s]
2025-10-29 16:09:15,167 - elasticsearch_manager - INFO - Found 20 results for query: Indications  for the XYLOCAINE Jelly 2%(lidocaine hydrocloride)
2025-10-29 16:09:15,370 - elastic_transport.transport - INFO - POST http://localhost:9200/medical_documents/_search [status:200 duration:0.203s]
2025-10-29 16:09:15,370 - elasticsearch_manager - INFO - Found 10 results for query: Indications  for the XYLOCAINE Jelly 2%(lidocaine hydrocloride)
2025-10-29 16:09:15,372 - rag_pipeline - INFO - Answering question: Indications  for the XYLOCAINE Jelly 2%(lidocaine hydrocloride)
2025-10-29 16:09:15,374 - rag_pipeline - INFO - Question type detection - Contra: False, MOA: False, Indication: True, Dosage: False, Side effects: False, Interactions: False, Storage: False, General: False
2025-10-29 16:11:44,768 - src.medical_rag_system - INFO - Initializing Medical RAG System
2025-10-29 16:11:45,197 - embedding_manager - INFO - Loading PubMedBERT model: microsoft/BiomedNLP-PubMedBERT-base-uncased-abstract-fulltext
2025-10-29 16:11:47,173 - embedding_manager - INFO - Loaded FAISS index with 4847 vectors
2025-10-29 16:11:47,199 - elastic_transport.transport - INFO - GET http://localhost:9200/ [status:200 duration:0.025s]
2025-10-29 16:11:47,200 - elasticsearch_manager - INFO - ElasticSearch cluster: docker-cluster
2025-10-29 16:11:47,200 - elasticsearch_manager - INFO - Connected to ElasticSearch at localhost:9200
2025-10-29 16:11:47,200 - rag_pipeline - INFO - Loading PubMedBERT model: microsoft/BiomedNLP-PubMedBERT-base-uncased-abstract-fulltext
2025-10-29 16:11:49,008 - rag_pipeline - INFO - PubMedBERT model loaded successfully
2025-10-29 16:11:49,008 - rag_pipeline - INFO - Loading QA model: ktrapeznikov/biobert_v1.1_pubmed_squad_v2
2025-10-29 16:11:49,784 - rag_pipeline - INFO - QA model loaded successfully
2025-10-29 16:11:49,784 - src.medical_rag_system - INFO - Medical RAG System initialized successfully
2025-10-29 16:11:49,784 - src.medical_rag_system - INFO - Answering question: Indications  for the XYLOCAINE Jelly 2%(lidocaine hydrocloride)
2025-10-29 16:11:49,784 - src.medical_rag_system - INFO - Searching for: Indications  for the XYLOCAINE Jelly 2%(lidocaine hydrocloride)
2025-10-29 16:11:49,785 - embedding_manager - INFO - Generating embeddings for 1 texts
2025-10-29 16:11:50,518 - elastic_transport.transport - INFO - POST http://localhost:9200/medical_documents/_search [status:200 duration:0.413s]
2025-10-29 16:11:50,519 - elasticsearch_manager - INFO - Found 20 results for query: Indications  for the XYLOCAINE Jelly 2%(lidocaine hydrocloride)
2025-10-29 16:11:50,726 - elastic_transport.transport - INFO - POST http://localhost:9200/medical_documents/_search [status:200 duration:0.207s]
2025-10-29 16:11:50,727 - elasticsearch_manager - INFO - Found 10 results for query: Indications  for the XYLOCAINE Jelly 2%(lidocaine hydrocloride)
2025-10-29 16:11:50,727 - rag_pipeline - INFO - Answering question: Indications  for the XYLOCAINE Jelly 2%(lidocaine hydrocloride)
2025-10-29 16:11:50,730 - rag_pipeline - INFO - Question type detection - Contra: False, MOA: False, Indication: True, Dosage: False, Side effects: False, Interactions: False, Storage: False, General: False
2025-10-29 16:15:22,595 - src.medical_rag_system - INFO - Initializing Medical RAG System
2025-10-29 16:15:23,033 - embedding_manager - INFO - Loading PubMedBERT model: microsoft/BiomedNLP-PubMedBERT-base-uncased-abstract-fulltext
2025-10-29 16:15:25,149 - embedding_manager - INFO - Loaded FAISS index with 4847 vectors
2025-10-29 16:15:25,158 - elastic_transport.transport - INFO - GET http://localhost:9200/ [status:200 duration:0.009s]
2025-10-29 16:15:25,158 - elasticsearch_manager - INFO - ElasticSearch cluster: docker-cluster
2025-10-29 16:15:25,158 - elasticsearch_manager - INFO - Connected to ElasticSearch at localhost:9200
2025-10-29 16:15:25,158 - rag_pipeline - INFO - Loading PubMedBERT model: microsoft/BiomedNLP-PubMedBERT-base-uncased-abstract-fulltext
2025-10-29 16:15:27,213 - rag_pipeline - INFO - PubMedBERT model loaded successfully
2025-10-29 16:15:27,223 - rag_pipeline - INFO - Loading QA model: ktrapeznikov/biobert_v1.1_pubmed_squad_v2
2025-10-29 16:15:28,068 - rag_pipeline - INFO - QA model loaded successfully
2025-10-29 16:15:28,068 - src.medical_rag_system - INFO - Medical RAG System initialized successfully
2025-10-29 16:15:28,069 - src.medical_rag_system - INFO - Answering question: Indications  for the XYLOCAINE Jelly 2%(lidocainehydrocloride)
2025-10-29 16:15:28,069 - src.medical_rag_system - INFO - Searching for: Indications  for the XYLOCAINE Jelly 2%(lidocainehydrocloride)
2025-10-29 16:15:28,069 - embedding_manager - INFO - Generating embeddings for 1 texts
2025-10-29 16:15:28,862 - elastic_transport.transport - INFO - POST http://localhost:9200/medical_documents/_search [status:200 duration:0.463s]
2025-10-29 16:15:28,863 - elasticsearch_manager - INFO - Found 20 results for query: Indications  for the XYLOCAINE Jelly 2%(lidocainehydrocloride)
2025-10-29 16:15:29,088 - elastic_transport.transport - INFO - POST http://localhost:9200/medical_documents/_search [status:200 duration:0.225s]
2025-10-29 16:15:29,088 - elasticsearch_manager - INFO - Found 10 results for query: Indications  for the XYLOCAINE Jelly 2%(lidocainehydrocloride)
2025-10-29 16:15:29,089 - rag_pipeline - INFO - Answering question: Indications  for the XYLOCAINE Jelly 2%(lidocainehydrocloride)
2025-10-29 16:15:29,091 - rag_pipeline - INFO - Question type detection - Contra: False, MOA: False, Indication: True, Dosage: False, Side effects: False, Interactions: False, Storage: False, General: False
2025-10-29 16:16:39,961 - src.medical_rag_system - INFO - Initializing Medical RAG System
2025-10-29 16:16:40,383 - embedding_manager - INFO - Loading PubMedBERT model: microsoft/BiomedNLP-PubMedBERT-base-uncased-abstract-fulltext
2025-10-29 16:16:42,532 - embedding_manager - INFO - Loaded FAISS index with 4847 vectors
2025-10-29 16:16:42,539 - elastic_transport.transport - INFO - GET http://localhost:9200/ [status:200 duration:0.006s]
2025-10-29 16:16:42,539 - elasticsearch_manager - INFO - ElasticSearch cluster: docker-cluster
2025-10-29 16:16:42,539 - elasticsearch_manager - INFO - Connected to ElasticSearch at localhost:9200
2025-10-29 16:16:42,539 - rag_pipeline - INFO - Loading PubMedBERT model: microsoft/BiomedNLP-PubMedBERT-base-uncased-abstract-fulltext
2025-10-29 16:16:44,596 - rag_pipeline - INFO - PubMedBERT model loaded successfully
2025-10-29 16:16:44,597 - rag_pipeline - INFO - Loading QA model: ktrapeznikov/biobert_v1.1_pubmed_squad_v2
2025-10-29 16:16:45,470 - rag_pipeline - INFO - QA model loaded successfully
2025-10-29 16:16:45,470 - src.medical_rag_system - INFO - Medical RAG System initialized successfully
2025-10-29 16:16:45,470 - src.medical_rag_system - INFO - Answering question: In what patient age group should reduced doses be given?
2025-10-29 16:16:45,470 - src.medical_rag_system - INFO - Searching for: In what patient age group should reduced doses be given?
2025-10-29 16:16:45,470 - embedding_manager - INFO - Generating embeddings for 1 texts
2025-10-29 16:16:46,037 - elastic_transport.transport - INFO - POST http://localhost:9200/medical_documents/_search [status:200 duration:0.243s]
2025-10-29 16:16:46,037 - elasticsearch_manager - INFO - Found 20 results for query: In what patient age group should reduced doses be given?
2025-10-29 16:16:46,151 - elastic_transport.transport - INFO - POST http://localhost:9200/medical_documents/_search [status:200 duration:0.111s]
2025-10-29 16:16:46,151 - elasticsearch_manager - INFO - Found 10 results for query: In what patient age group should reduced doses be given?
2025-10-29 16:16:46,152 - rag_pipeline - INFO - Answering question: In what patient age group should reduced doses be given?
2025-10-29 16:16:46,154 - rag_pipeline - INFO - Question type detection - Contra: False, MOA: False, Indication: False, Dosage: True, Side effects: False, Interactions: False, Storage: False, General: False
2025-10-29 16:17:32,165 - src.medical_rag_system - INFO - Initializing Medical RAG System
2025-10-29 16:17:32,592 - embedding_manager - INFO - Loading PubMedBERT model: microsoft/BiomedNLP-PubMedBERT-base-uncased-abstract-fulltext
2025-10-29 16:17:34,685 - embedding_manager - INFO - Loaded FAISS index with 4847 vectors
2025-10-29 16:17:34,698 - elastic_transport.transport - INFO - GET http://localhost:9200/ [status:200 duration:0.013s]
2025-10-29 16:17:34,699 - elasticsearch_manager - INFO - ElasticSearch cluster: docker-cluster
2025-10-29 16:17:34,699 - elasticsearch_manager - INFO - Connected to ElasticSearch at localhost:9200
2025-10-29 16:17:34,699 - rag_pipeline - INFO - Loading PubMedBERT model: microsoft/BiomedNLP-PubMedBERT-base-uncased-abstract-fulltext
2025-10-29 16:17:36,778 - rag_pipeline - INFO - PubMedBERT model loaded successfully
2025-10-29 16:17:36,778 - rag_pipeline - INFO - Loading QA model: ktrapeznikov/biobert_v1.1_pubmed_squad_v2
2025-10-29 16:17:37,655 - rag_pipeline - INFO - QA model loaded successfully
2025-10-29 16:17:37,655 - src.medical_rag_system - INFO - Medical RAG System initialized successfully
2025-10-29 16:17:37,655 - src.medical_rag_system - INFO - Answering question: In what patient age group should reduced doses of XYLOCAINE Jelly 2% (Lidocaine Hydrochloride) be given?
2025-10-29 16:17:37,655 - src.medical_rag_system - INFO - Searching for: In what patient age group should reduced doses of XYLOCAINE Jelly 2% (Lidocaine Hydrochloride) be given?
2025-10-29 16:17:37,655 - embedding_manager - INFO - Generating embeddings for 1 texts
2025-10-29 16:17:38,609 - elastic_transport.transport - INFO - POST http://localhost:9200/medical_documents/_search [status:200 duration:0.558s]
2025-10-29 16:17:38,609 - elasticsearch_manager - INFO - Found 20 results for query: In what patient age group should reduced doses of XYLOCAINE Jelly 2% (Lidocaine Hydrochloride) be given?
2025-10-29 16:17:38,883 - elastic_transport.transport - INFO - POST http://localhost:9200/medical_documents/_search [status:200 duration:0.273s]
2025-10-29 16:17:38,884 - elasticsearch_manager - INFO - Found 10 results for query: In what patient age group should reduced doses of XYLOCAINE Jelly 2% (Lidocaine Hydrochloride) be given?
2025-10-29 16:17:38,884 - rag_pipeline - INFO - Answering question: In what patient age group should reduced doses of XYLOCAINE Jelly 2% (Lidocaine Hydrochloride) be given?
2025-10-29 16:17:38,887 - rag_pipeline - INFO - Question type detection - Contra: False, MOA: False, Indication: False, Dosage: True, Side effects: False, Interactions: False, Storage: False, General: False
2025-10-29 16:18:41,453 - src.medical_rag_system - INFO - Initializing Medical RAG System
2025-10-29 16:18:41,873 - embedding_manager - INFO - Loading PubMedBERT model: microsoft/BiomedNLP-PubMedBERT-base-uncased-abstract-fulltext
2025-10-29 16:18:43,841 - embedding_manager - INFO - Loaded FAISS index with 4847 vectors
2025-10-29 16:18:43,854 - elastic_transport.transport - INFO - GET http://localhost:9200/ [status:200 duration:0.013s]
2025-10-29 16:18:43,855 - elasticsearch_manager - INFO - ElasticSearch cluster: docker-cluster
2025-10-29 16:18:43,855 - elasticsearch_manager - INFO - Connected to ElasticSearch at localhost:9200
2025-10-29 16:18:43,856 - rag_pipeline - INFO - Loading PubMedBERT model: microsoft/BiomedNLP-PubMedBERT-base-uncased-abstract-fulltext
2025-10-29 16:18:46,366 - rag_pipeline - INFO - PubMedBERT model loaded successfully
2025-10-29 16:18:46,366 - rag_pipeline - INFO - Loading QA model: ktrapeznikov/biobert_v1.1_pubmed_squad_v2
2025-10-29 16:18:47,141 - rag_pipeline - INFO - QA model loaded successfully
2025-10-29 16:18:47,141 - src.medical_rag_system - INFO - Medical RAG System initialized successfully
2025-10-29 16:18:47,142 - src.medical_rag_system - INFO - Answering question: Name two medical procedures where XYLOCAINE Jelly 2% (Lidocaine Hydrochloride) is used.
2025-10-29 16:18:47,142 - src.medical_rag_system - INFO - Searching for: Name two medical procedures where XYLOCAINE Jelly 2% (Lidocaine Hydrochloride) is used.
2025-10-29 16:18:47,142 - embedding_manager - INFO - Generating embeddings for 1 texts
2025-10-29 16:18:48,017 - elastic_transport.transport - INFO - POST http://localhost:9200/medical_documents/_search [status:200 duration:0.532s]
2025-10-29 16:18:48,017 - elasticsearch_manager - INFO - Found 20 results for query: Name two medical procedures where XYLOCAINE Jelly 2% (Lidocaine Hydrochloride) is used.
2025-10-29 16:18:48,281 - elastic_transport.transport - INFO - POST http://localhost:9200/medical_documents/_search [status:200 duration:0.264s]
2025-10-29 16:18:48,281 - elasticsearch_manager - INFO - Found 10 results for query: Name two medical procedures where XYLOCAINE Jelly 2% (Lidocaine Hydrochloride) is used.
2025-10-29 16:18:48,281 - rag_pipeline - INFO - Answering question: Name two medical procedures where XYLOCAINE Jelly 2% (Lidocaine Hydrochloride) is used.
2025-10-29 16:18:48,281 - rag_pipeline - INFO - Question type detection - Contra: False, MOA: False, Indication: False, Dosage: False, Side effects: False, Interactions: False, Storage: False, General: False
2025-10-29 16:19:31,507 - src.medical_rag_system - INFO - Initializing Medical RAG System
2025-10-29 16:19:31,930 - embedding_manager - INFO - Loading PubMedBERT model: microsoft/BiomedNLP-PubMedBERT-base-uncased-abstract-fulltext
2025-10-29 16:19:34,864 - embedding_manager - INFO - Loaded FAISS index with 4847 vectors
2025-10-29 16:19:34,886 - elastic_transport.transport - INFO - GET http://localhost:9200/ [status:200 duration:0.022s]
2025-10-29 16:19:34,887 - elasticsearch_manager - INFO - ElasticSearch cluster: docker-cluster
2025-10-29 16:19:34,887 - elasticsearch_manager - INFO - Connected to ElasticSearch at localhost:9200
2025-10-29 16:19:34,887 - rag_pipeline - INFO - Loading PubMedBERT model: microsoft/BiomedNLP-PubMedBERT-base-uncased-abstract-fulltext
2025-10-29 16:19:37,284 - rag_pipeline - INFO - PubMedBERT model loaded successfully
2025-10-29 16:19:37,284 - rag_pipeline - INFO - Loading QA model: ktrapeznikov/biobert_v1.1_pubmed_squad_v2
2025-10-29 16:19:38,330 - rag_pipeline - INFO - QA model loaded successfully
2025-10-29 16:19:38,330 - src.medical_rag_system - INFO - Medical RAG System initialized successfully
2025-10-29 16:19:38,330 - src.medical_rag_system - INFO - Answering question: Why is XYLOCAINE Jelly contraindicated in patients with methemoglobinemia?
2025-10-29 16:19:38,330 - src.medical_rag_system - INFO - Searching for: Why is XYLOCAINE Jelly contraindicated in patients with methemoglobinemia?
2025-10-29 16:19:38,330 - embedding_manager - INFO - Generating embeddings for 1 texts
2025-10-29 16:19:39,197 - elastic_transport.transport - INFO - POST http://localhost:9200/medical_documents/_search [status:200 duration:0.524s]
2025-10-29 16:19:39,197 - elasticsearch_manager - INFO - Found 20 results for query: Why is XYLOCAINE Jelly contraindicated in patients with methemoglobinemia?
2025-10-29 16:19:39,490 - elastic_transport.transport - INFO - POST http://localhost:9200/medical_documents/_search [status:200 duration:0.292s]
2025-10-29 16:19:39,491 - elasticsearch_manager - INFO - Found 10 results for query: Why is XYLOCAINE Jelly contraindicated in patients with methemoglobinemia?
2025-10-29 16:19:39,491 - rag_pipeline - INFO - Answering question: Why is XYLOCAINE Jelly contraindicated in patients with methemoglobinemia?
2025-10-29 16:19:39,494 - rag_pipeline - INFO - Question type detection - Contra: True, MOA: False, Indication: False, Dosage: False, Side effects: False, Interactions: False, Storage: False, General: False
2025-10-29 18:06:05,202 - src.medical_rag_system - INFO - Initializing Medical RAG System
2025-10-29 18:06:05,684 - embedding_manager - INFO - Loading PubMedBERT model: microsoft/BiomedNLP-PubMedBERT-base-uncased-abstract-fulltext
2025-10-29 18:06:07,877 - embedding_manager - INFO - Loaded FAISS index with 4847 vectors
2025-10-29 18:06:11,952 - elastic_transport.transport - INFO - GET http://localhost:9200/ [status:N/A duration:4.073s]
2025-10-29 18:06:11,952 - elastic_transport.node_pool - WARNING - Node <Urllib3HttpNode(http://localhost:9200)> has failed for 1 times in a row, putting on 1 second timeout
2025-10-29 18:06:11,952 - elastic_transport.transport - WARNING - Retrying request after failure (attempt 0 of 3)
Traceback (most recent call last):
  File "C:\Users\sanji\AppData\Roaming\Python\Python311\site-packages\urllib3\connection.py", line 203, in _new_conn
    sock = connection.create_connection(
           ^^^^^^^^^^^^^^^^^^^^^^^^^^^^^
  File "C:\Users\sanji\AppData\Roaming\Python\Python311\site-packages\urllib3\util\connection.py", line 85, in create_connection
    raise err
  File "C:\Users\sanji\AppData\Roaming\Python\Python311\site-packages\urllib3\util\connection.py", line 73, in create_connection
    sock.connect(sa)
ConnectionRefusedError: [WinError 10061] No connection could be made because the target machine actively refused it

The above exception was the direct cause of the following exception:

Traceback (most recent call last):
  File "C:\Users\sanji\AppData\Roaming\Python\Python311\site-packages\elastic_transport\_node\_http_urllib3.py", line 167, in perform_request
    response = self.pool.urlopen(
               ^^^^^^^^^^^^^^^^^^
  File "C:\Users\sanji\AppData\Roaming\Python\Python311\site-packages\urllib3\connectionpool.py", line 844, in urlopen
    retries = retries.increment(
              ^^^^^^^^^^^^^^^^^^
  File "C:\Users\sanji\AppData\Roaming\Python\Python311\site-packages\urllib3\util\retry.py", line 445, in increment
    raise reraise(type(error), error, _stacktrace)
          ^^^^^^^^^^^^^^^^^^^^^^^^^^^^^^^^^^^^^^^^
  File "C:\Users\sanji\AppData\Roaming\Python\Python311\site-packages\urllib3\util\util.py", line 39, in reraise
    raise value
  File "C:\Users\sanji\AppData\Roaming\Python\Python311\site-packages\urllib3\connectionpool.py", line 790, in urlopen
    response = self._make_request(
               ^^^^^^^^^^^^^^^^^^^
  File "C:\Users\sanji\AppData\Roaming\Python\Python311\site-packages\urllib3\connectionpool.py", line 496, in _make_request
    conn.request(
  File "C:\Users\sanji\AppData\Roaming\Python\Python311\site-packages\urllib3\connection.py", line 395, in request
    self.endheaders()
  File "C:\ProgramData\anaconda3\Lib\http\client.py", line 1298, in endheaders
    self._send_output(message_body, encode_chunked=encode_chunked)
  File "C:\ProgramData\anaconda3\Lib\http\client.py", line 1058, in _send_output
    self.send(msg)
  File "C:\ProgramData\anaconda3\Lib\http\client.py", line 996, in send
    self.connect()
  File "C:\Users\sanji\AppData\Roaming\Python\Python311\site-packages\urllib3\connection.py", line 243, in connect
    self.sock = self._new_conn()
                ^^^^^^^^^^^^^^^^
  File "C:\Users\sanji\AppData\Roaming\Python\Python311\site-packages\urllib3\connection.py", line 218, in _new_conn
    raise NewConnectionError(
urllib3.exceptions.NewConnectionError: <urllib3.connection.HTTPConnection object at 0x0000027F83A609D0>: Failed to establish a new connection: [WinError 10061] No connection could be made because the target machine actively refused it

The above exception was the direct cause of the following exception:

Traceback (most recent call last):
  File "C:\Users\sanji\AppData\Roaming\Python\Python311\site-packages\elastic_transport\_transport.py", line 342, in perform_request
    resp = node.perform_request(
           ^^^^^^^^^^^^^^^^^^^^^
  File "C:\Users\sanji\AppData\Roaming\Python\Python311\site-packages\elastic_transport\_node\_http_urllib3.py", line 202, in perform_request
    raise err from e
elastic_transport.ConnectionError: Connection error caused by: NewConnectionError(<urllib3.connection.HTTPConnection object at 0x0000027F83A609D0>: Failed to establish a new connection: [WinError 10061] No connection could be made because the target machine actively refused it)
2025-10-29 18:06:16,180 - elastic_transport.transport - INFO - GET http://localhost:9200/ [status:N/A duration:4.074s]
2025-10-29 18:06:16,180 - elastic_transport.node_pool - WARNING - Node <Urllib3HttpNode(http://localhost:9200)> has failed for 2 times in a row, putting on 2 second timeout
2025-10-29 18:06:16,180 - elastic_transport.transport - WARNING - Retrying request after failure (attempt 1 of 3)
Traceback (most recent call last):
  File "C:\Users\sanji\AppData\Roaming\Python\Python311\site-packages\urllib3\connection.py", line 203, in _new_conn
    sock = connection.create_connection(
           ^^^^^^^^^^^^^^^^^^^^^^^^^^^^^
  File "C:\Users\sanji\AppData\Roaming\Python\Python311\site-packages\urllib3\util\connection.py", line 85, in create_connection
    raise err
  File "C:\Users\sanji\AppData\Roaming\Python\Python311\site-packages\urllib3\util\connection.py", line 73, in create_connection
    sock.connect(sa)
ConnectionRefusedError: [WinError 10061] No connection could be made because the target machine actively refused it

The above exception was the direct cause of the following exception:

Traceback (most recent call last):
  File "C:\Users\sanji\AppData\Roaming\Python\Python311\site-packages\elastic_transport\_node\_http_urllib3.py", line 167, in perform_request
    response = self.pool.urlopen(
               ^^^^^^^^^^^^^^^^^^
  File "C:\Users\sanji\AppData\Roaming\Python\Python311\site-packages\urllib3\connectionpool.py", line 844, in urlopen
    retries = retries.increment(
              ^^^^^^^^^^^^^^^^^^
  File "C:\Users\sanji\AppData\Roaming\Python\Python311\site-packages\urllib3\util\retry.py", line 445, in increment
    raise reraise(type(error), error, _stacktrace)
          ^^^^^^^^^^^^^^^^^^^^^^^^^^^^^^^^^^^^^^^^
  File "C:\Users\sanji\AppData\Roaming\Python\Python311\site-packages\urllib3\util\util.py", line 39, in reraise
    raise value
  File "C:\Users\sanji\AppData\Roaming\Python\Python311\site-packages\urllib3\connectionpool.py", line 790, in urlopen
    response = self._make_request(
               ^^^^^^^^^^^^^^^^^^^
  File "C:\Users\sanji\AppData\Roaming\Python\Python311\site-packages\urllib3\connectionpool.py", line 496, in _make_request
    conn.request(
  File "C:\Users\sanji\AppData\Roaming\Python\Python311\site-packages\urllib3\connection.py", line 395, in request
    self.endheaders()
  File "C:\ProgramData\anaconda3\Lib\http\client.py", line 1298, in endheaders
    self._send_output(message_body, encode_chunked=encode_chunked)
  File "C:\ProgramData\anaconda3\Lib\http\client.py", line 1058, in _send_output
    self.send(msg)
  File "C:\ProgramData\anaconda3\Lib\http\client.py", line 996, in send
    self.connect()
  File "C:\Users\sanji\AppData\Roaming\Python\Python311\site-packages\urllib3\connection.py", line 243, in connect
    self.sock = self._new_conn()
                ^^^^^^^^^^^^^^^^
  File "C:\Users\sanji\AppData\Roaming\Python\Python311\site-packages\urllib3\connection.py", line 218, in _new_conn
    raise NewConnectionError(
urllib3.exceptions.NewConnectionError: <urllib3.connection.HTTPConnection object at 0x0000027F865EB6D0>: Failed to establish a new connection: [WinError 10061] No connection could be made because the target machine actively refused it

The above exception was the direct cause of the following exception:

Traceback (most recent call last):
  File "C:\Users\sanji\AppData\Roaming\Python\Python311\site-packages\elastic_transport\_transport.py", line 342, in perform_request
    resp = node.perform_request(
           ^^^^^^^^^^^^^^^^^^^^^
  File "C:\Users\sanji\AppData\Roaming\Python\Python311\site-packages\elastic_transport\_node\_http_urllib3.py", line 202, in perform_request
    raise err from e
elastic_transport.ConnectionError: Connection error caused by: NewConnectionError(<urllib3.connection.HTTPConnection object at 0x0000027F865EB6D0>: Failed to establish a new connection: [WinError 10061] No connection could be made because the target machine actively refused it)
2025-10-29 18:06:16,180 - elastic_transport.node_pool - INFO - Resurrected node <Urllib3HttpNode(http://localhost:9200)> (force=False)
2025-10-29 18:06:20,293 - elastic_transport.transport - INFO - GET http://localhost:9200/ [status:N/A duration:4.113s]
2025-10-29 18:06:20,294 - elastic_transport.node_pool - WARNING - Node <Urllib3HttpNode(http://localhost:9200)> has failed for 3 times in a row, putting on 4 second timeout
2025-10-29 18:06:20,294 - elastic_transport.transport - WARNING - Retrying request after failure (attempt 2 of 3)
Traceback (most recent call last):
  File "C:\Users\sanji\AppData\Roaming\Python\Python311\site-packages\urllib3\connection.py", line 203, in _new_conn
    sock = connection.create_connection(
           ^^^^^^^^^^^^^^^^^^^^^^^^^^^^^
  File "C:\Users\sanji\AppData\Roaming\Python\Python311\site-packages\urllib3\util\connection.py", line 85, in create_connection
    raise err
  File "C:\Users\sanji\AppData\Roaming\Python\Python311\site-packages\urllib3\util\connection.py", line 73, in create_connection
    sock.connect(sa)
ConnectionRefusedError: [WinError 10061] No connection could be made because the target machine actively refused it

The above exception was the direct cause of the following exception:

Traceback (most recent call last):
  File "C:\Users\sanji\AppData\Roaming\Python\Python311\site-packages\elastic_transport\_node\_http_urllib3.py", line 167, in perform_request
    response = self.pool.urlopen(
               ^^^^^^^^^^^^^^^^^^
  File "C:\Users\sanji\AppData\Roaming\Python\Python311\site-packages\urllib3\connectionpool.py", line 844, in urlopen
    retries = retries.increment(
              ^^^^^^^^^^^^^^^^^^
  File "C:\Users\sanji\AppData\Roaming\Python\Python311\site-packages\urllib3\util\retry.py", line 445, in increment
    raise reraise(type(error), error, _stacktrace)
          ^^^^^^^^^^^^^^^^^^^^^^^^^^^^^^^^^^^^^^^^
  File "C:\Users\sanji\AppData\Roaming\Python\Python311\site-packages\urllib3\util\util.py", line 39, in reraise
    raise value
  File "C:\Users\sanji\AppData\Roaming\Python\Python311\site-packages\urllib3\connectionpool.py", line 790, in urlopen
    response = self._make_request(
               ^^^^^^^^^^^^^^^^^^^
  File "C:\Users\sanji\AppData\Roaming\Python\Python311\site-packages\urllib3\connectionpool.py", line 496, in _make_request
    conn.request(
  File "C:\Users\sanji\AppData\Roaming\Python\Python311\site-packages\urllib3\connection.py", line 395, in request
    self.endheaders()
  File "C:\ProgramData\anaconda3\Lib\http\client.py", line 1298, in endheaders
    self._send_output(message_body, encode_chunked=encode_chunked)
  File "C:\ProgramData\anaconda3\Lib\http\client.py", line 1058, in _send_output
    self.send(msg)
  File "C:\ProgramData\anaconda3\Lib\http\client.py", line 996, in send
    self.connect()
  File "C:\Users\sanji\AppData\Roaming\Python\Python311\site-packages\urllib3\connection.py", line 243, in connect
    self.sock = self._new_conn()
                ^^^^^^^^^^^^^^^^
  File "C:\Users\sanji\AppData\Roaming\Python\Python311\site-packages\urllib3\connection.py", line 218, in _new_conn
    raise NewConnectionError(
urllib3.exceptions.NewConnectionError: <urllib3.connection.HTTPConnection object at 0x0000027F866244D0>: Failed to establish a new connection: [WinError 10061] No connection could be made because the target machine actively refused it

The above exception was the direct cause of the following exception:

Traceback (most recent call last):
  File "C:\Users\sanji\AppData\Roaming\Python\Python311\site-packages\elastic_transport\_transport.py", line 342, in perform_request
    resp = node.perform_request(
           ^^^^^^^^^^^^^^^^^^^^^
  File "C:\Users\sanji\AppData\Roaming\Python\Python311\site-packages\elastic_transport\_node\_http_urllib3.py", line 202, in perform_request
    raise err from e
elastic_transport.ConnectionError: Connection error caused by: NewConnectionError(<urllib3.connection.HTTPConnection object at 0x0000027F866244D0>: Failed to establish a new connection: [WinError 10061] No connection could be made because the target machine actively refused it)
2025-10-29 18:06:20,294 - elastic_transport.node_pool - INFO - Resurrected node <Urllib3HttpNode(http://localhost:9200)> (force=False)
2025-10-29 18:06:24,367 - elastic_transport.transport - INFO - GET http://localhost:9200/ [status:N/A duration:4.073s]
2025-10-29 18:06:24,367 - elastic_transport.node_pool - WARNING - Node <Urllib3HttpNode(http://localhost:9200)> has failed for 4 times in a row, putting on 8 second timeout
2025-10-29 18:06:24,367 - elasticsearch_manager - ERROR - ElasticSearch connection test failed: Connection error caused by: ConnectionError(Connection error caused by: NewConnectionError(<urllib3.connection.HTTPConnection object at 0x0000027F83A609D0>: Failed to establish a new connection: [WinError 10061] No connection could be made because the target machine actively refused it))
2025-10-29 18:06:24,367 - elasticsearch_manager - INFO - Connected to ElasticSearch at localhost:9200
2025-10-29 18:06:24,367 - rag_pipeline - INFO - Loading PubMedBERT model: microsoft/BiomedNLP-PubMedBERT-base-uncased-abstract-fulltext
2025-10-29 18:06:26,418 - rag_pipeline - INFO - PubMedBERT model loaded successfully
2025-10-29 18:06:26,418 - rag_pipeline - INFO - Loading QA model: ktrapeznikov/biobert_v1.1_pubmed_squad_v2
2025-10-29 18:06:27,310 - rag_pipeline - INFO - QA model loaded successfully
2025-10-29 18:06:27,310 - src.medical_rag_system - INFO - Medical RAG System initialized successfully
2025-10-29 18:06:27,311 - src.medical_rag_system - INFO - Answering question: What condition is AVENTYL indicated for?
2025-10-29 18:06:27,311 - src.medical_rag_system - INFO - Searching for: What condition is AVENTYL indicated for?
2025-10-29 18:06:27,311 - embedding_manager - INFO - Generating embeddings for 1 texts
2025-10-29 18:06:27,694 - elasticsearch_manager - ERROR - ElasticSearch client not available
2025-10-29 18:06:27,694 - elasticsearch_manager - ERROR - ElasticSearch client not available
2025-10-29 18:06:27,695 - rag_pipeline - INFO - Answering question: What condition is AVENTYL indicated for?
2025-10-29 18:06:27,697 - rag_pipeline - INFO - Question type detection - Contra: False, MOA: False, Indication: False, Dosage: False, Side effects: False, Interactions: False, Storage: False, General: False
2025-10-29 18:07:15,801 - src.medical_rag_system - INFO - Initializing Medical RAG System
2025-10-29 18:07:16,318 - embedding_manager - INFO - Loading PubMedBERT model: microsoft/BiomedNLP-PubMedBERT-base-uncased-abstract-fulltext
2025-10-29 18:07:18,571 - embedding_manager - INFO - Loaded FAISS index with 4847 vectors
2025-10-29 18:07:18,725 - elastic_transport.transport - INFO - GET http://localhost:9200/ [status:200 duration:0.154s]
2025-10-29 18:07:18,725 - elasticsearch_manager - INFO - ElasticSearch cluster: docker-cluster
2025-10-29 18:07:18,729 - elasticsearch_manager - INFO - Connected to ElasticSearch at localhost:9200
2025-10-29 18:07:18,729 - rag_pipeline - INFO - Loading PubMedBERT model: microsoft/BiomedNLP-PubMedBERT-base-uncased-abstract-fulltext
2025-10-29 18:07:21,475 - rag_pipeline - INFO - PubMedBERT model loaded successfully
2025-10-29 18:07:21,477 - rag_pipeline - INFO - Loading QA model: ktrapeznikov/biobert_v1.1_pubmed_squad_v2
2025-10-29 18:07:22,483 - rag_pipeline - INFO - QA model loaded successfully
2025-10-29 18:07:22,483 - src.medical_rag_system - INFO - Medical RAG System initialized successfully
2025-10-29 18:07:22,483 - src.medical_rag_system - INFO - Answering question: What condition is AVENTYL indicated for?
2025-10-29 18:07:22,484 - src.medical_rag_system - INFO - Searching for: What condition is AVENTYL indicated for?
2025-10-29 18:07:22,484 - embedding_manager - INFO - Generating embeddings for 1 texts
2025-10-29 18:07:23,782 - elastic_transport.transport - INFO - POST http://localhost:9200/medical_documents/_search [status:200 duration:0.696s]
2025-10-29 18:07:23,784 - elasticsearch_manager - INFO - Found 20 results for query: What condition is AVENTYL indicated for?
2025-10-29 18:07:23,989 - elastic_transport.transport - INFO - POST http://localhost:9200/medical_documents/_search [status:200 duration:0.206s]
2025-10-29 18:07:23,989 - elasticsearch_manager - INFO - Found 10 results for query: What condition is AVENTYL indicated for?
2025-10-29 18:07:23,989 - rag_pipeline - INFO - Answering question: What condition is AVENTYL indicated for?
2025-10-29 18:07:23,999 - rag_pipeline - INFO - Question type detection - Contra: False, MOA: False, Indication: False, Dosage: False, Side effects: False, Interactions: False, Storage: False, General: False
2025-10-29 18:08:10,947 - src.medical_rag_system - INFO - Initializing Medical RAG System
2025-10-29 18:08:11,395 - embedding_manager - INFO - Loading PubMedBERT model: microsoft/BiomedNLP-PubMedBERT-base-uncased-abstract-fulltext
2025-10-29 18:08:13,648 - embedding_manager - INFO - Loaded FAISS index with 4847 vectors
2025-10-29 18:08:13,648 - elastic_transport.transport - INFO - GET http://localhost:9200/ [status:200 duration:0.000s]
2025-10-29 18:08:13,659 - elasticsearch_manager - INFO - ElasticSearch cluster: docker-cluster
2025-10-29 18:08:13,659 - elasticsearch_manager - INFO - Connected to ElasticSearch at localhost:9200
2025-10-29 18:08:13,659 - rag_pipeline - INFO - Loading PubMedBERT model: microsoft/BiomedNLP-PubMedBERT-base-uncased-abstract-fulltext
2025-10-29 18:08:16,039 - rag_pipeline - INFO - PubMedBERT model loaded successfully
2025-10-29 18:08:16,045 - rag_pipeline - INFO - Loading QA model: ktrapeznikov/biobert_v1.1_pubmed_squad_v2
2025-10-29 18:08:16,925 - rag_pipeline - INFO - QA model loaded successfully
2025-10-29 18:08:16,925 - src.medical_rag_system - INFO - Medical RAG System initialized successfully
2025-10-29 18:08:16,925 - src.medical_rag_system - INFO - Answering question: What are the available capsule strengths?
2025-10-29 18:08:16,925 - src.medical_rag_system - INFO - Searching for: What are the available capsule strengths?
2025-10-29 18:08:16,925 - embedding_manager - INFO - Generating embeddings for 1 texts
2025-10-29 18:08:17,701 - elastic_transport.transport - INFO - POST http://localhost:9200/medical_documents/_search [status:200 duration:0.425s]
2025-10-29 18:08:17,702 - elasticsearch_manager - INFO - Found 20 results for query: What are the available capsule strengths?
2025-10-29 18:08:17,902 - elastic_transport.transport - INFO - POST http://localhost:9200/medical_documents/_search [status:200 duration:0.200s]
2025-10-29 18:08:17,906 - elasticsearch_manager - INFO - Found 10 results for query: What are the available capsule strengths?
2025-10-29 18:08:17,906 - rag_pipeline - INFO - Answering question: What are the available capsule strengths?
2025-10-29 18:08:17,906 - rag_pipeline - INFO - Question type detection - Contra: False, MOA: False, Indication: False, Dosage: True, Side effects: False, Interactions: False, Storage: False, General: False
2025-10-29 18:09:00,057 - src.medical_rag_system - INFO - Initializing Medical RAG System
2025-10-29 18:09:00,551 - embedding_manager - INFO - Loading PubMedBERT model: microsoft/BiomedNLP-PubMedBERT-base-uncased-abstract-fulltext
2025-10-29 18:09:02,685 - embedding_manager - INFO - Loaded FAISS index with 4847 vectors
2025-10-29 18:09:02,700 - elastic_transport.transport - INFO - GET http://localhost:9200/ [status:200 duration:0.015s]
2025-10-29 18:09:02,701 - elasticsearch_manager - INFO - ElasticSearch cluster: docker-cluster
2025-10-29 18:09:02,701 - elasticsearch_manager - INFO - Connected to ElasticSearch at localhost:9200
2025-10-29 18:09:02,702 - rag_pipeline - INFO - Loading PubMedBERT model: microsoft/BiomedNLP-PubMedBERT-base-uncased-abstract-fulltext
2025-10-29 18:09:04,839 - rag_pipeline - INFO - PubMedBERT model loaded successfully
2025-10-29 18:09:04,839 - rag_pipeline - INFO - Loading QA model: ktrapeznikov/biobert_v1.1_pubmed_squad_v2
2025-10-29 18:09:05,674 - rag_pipeline - INFO - QA model loaded successfully
2025-10-29 18:09:05,674 - src.medical_rag_system - INFO - Medical RAG System initialized successfully
2025-10-29 18:09:05,675 - src.medical_rag_system - INFO - Answering question: Is AVENTYL approved for pediatric use?
2025-10-29 18:09:05,675 - src.medical_rag_system - INFO - Searching for: Is AVENTYL approved for pediatric use?
2025-10-29 18:09:05,675 - embedding_manager - INFO - Generating embeddings for 1 texts
2025-10-29 18:09:06,389 - elastic_transport.transport - INFO - POST http://localhost:9200/medical_documents/_search [status:200 duration:0.378s]
2025-10-29 18:09:06,389 - elasticsearch_manager - INFO - Found 20 results for query: Is AVENTYL approved for pediatric use?
2025-10-29 18:09:06,599 - elastic_transport.transport - INFO - POST http://localhost:9200/medical_documents/_search [status:200 duration:0.205s]
2025-10-29 18:09:06,599 - elasticsearch_manager - INFO - Found 10 results for query: Is AVENTYL approved for pediatric use?
2025-10-29 18:09:06,599 - rag_pipeline - INFO - Answering question: Is AVENTYL approved for pediatric use?
2025-10-29 18:09:06,603 - rag_pipeline - INFO - Question type detection - Contra: False, MOA: False, Indication: False, Dosage: False, Side effects: False, Interactions: False, Storage: False, General: False
2025-10-29 18:10:29,334 - src.medical_rag_system - INFO - Initializing Medical RAG System
2025-10-29 18:10:29,768 - embedding_manager - INFO - Loading PubMedBERT model: microsoft/BiomedNLP-PubMedBERT-base-uncased-abstract-fulltext
2025-10-29 18:10:31,720 - embedding_manager - INFO - Loaded FAISS index with 4847 vectors
2025-10-29 18:10:31,729 - elastic_transport.transport - INFO - GET http://localhost:9200/ [status:200 duration:0.009s]
2025-10-29 18:10:31,729 - elasticsearch_manager - INFO - ElasticSearch cluster: docker-cluster
2025-10-29 18:10:31,731 - elasticsearch_manager - INFO - Connected to ElasticSearch at localhost:9200
2025-10-29 18:10:31,731 - rag_pipeline - INFO - Loading PubMedBERT model: microsoft/BiomedNLP-PubMedBERT-base-uncased-abstract-fulltext
2025-10-29 18:10:33,545 - rag_pipeline - INFO - PubMedBERT model loaded successfully
2025-10-29 18:10:33,545 - rag_pipeline - INFO - Loading QA model: ktrapeznikov/biobert_v1.1_pubmed_squad_v2
2025-10-29 18:10:34,330 - rag_pipeline - INFO - QA model loaded successfully
2025-10-29 18:10:34,330 - src.medical_rag_system - INFO - Medical RAG System initialized successfully
2025-10-29 18:10:34,330 - src.medical_rag_system - INFO - Answering question: What is the maximum recommended daily dose for adults?
2025-10-29 18:10:34,330 - src.medical_rag_system - INFO - Searching for: What is the maximum recommended daily dose for adults?
2025-10-29 18:10:34,330 - embedding_manager - INFO - Generating embeddings for 1 texts
2025-10-29 18:10:35,113 - elastic_transport.transport - INFO - POST http://localhost:9200/medical_documents/_search [status:200 duration:0.382s]
2025-10-29 18:10:35,113 - elasticsearch_manager - INFO - Found 20 results for query: What is the maximum recommended daily dose for adults?
2025-10-29 18:10:35,319 - elastic_transport.transport - INFO - POST http://localhost:9200/medical_documents/_search [status:200 duration:0.205s]
2025-10-29 18:10:35,320 - elasticsearch_manager - INFO - Found 10 results for query: What is the maximum recommended daily dose for adults?
2025-10-29 18:10:35,320 - rag_pipeline - INFO - Answering question: What is the maximum recommended daily dose for adults?
2025-10-29 18:10:35,322 - rag_pipeline - INFO - Question type detection - Contra: False, MOA: False, Indication: False, Dosage: True, Side effects: False, Interactions: False, Storage: False, General: False
2025-10-29 18:11:23,445 - src.medical_rag_system - INFO - Initializing Medical RAG System
2025-10-29 18:11:23,877 - embedding_manager - INFO - Loading PubMedBERT model: microsoft/BiomedNLP-PubMedBERT-base-uncased-abstract-fulltext
2025-10-29 18:11:25,978 - embedding_manager - INFO - Loaded FAISS index with 4847 vectors
2025-10-29 18:11:25,990 - elastic_transport.transport - INFO - GET http://localhost:9200/ [status:200 duration:0.012s]
2025-10-29 18:11:25,990 - elasticsearch_manager - INFO - ElasticSearch cluster: docker-cluster
2025-10-29 18:11:25,990 - elasticsearch_manager - INFO - Connected to ElasticSearch at localhost:9200
2025-10-29 18:11:25,993 - rag_pipeline - INFO - Loading PubMedBERT model: microsoft/BiomedNLP-PubMedBERT-base-uncased-abstract-fulltext
2025-10-29 18:11:27,815 - rag_pipeline - INFO - PubMedBERT model loaded successfully
2025-10-29 18:11:27,815 - rag_pipeline - INFO - Loading QA model: ktrapeznikov/biobert_v1.1_pubmed_squad_v2
2025-10-29 18:11:28,672 - rag_pipeline - INFO - QA model loaded successfully
2025-10-29 18:11:28,672 - src.medical_rag_system - INFO - Medical RAG System initialized successfully
2025-10-29 18:11:28,680 - src.medical_rag_system - INFO - Answering question: What are some common symptoms of overdose?
2025-10-29 18:11:28,682 - src.medical_rag_system - INFO - Searching for: What are some common symptoms of overdose?
2025-10-29 18:11:28,682 - embedding_manager - INFO - Generating embeddings for 1 texts
2025-10-29 18:11:29,352 - elastic_transport.transport - INFO - POST http://localhost:9200/medical_documents/_search [status:200 duration:0.338s]
2025-10-29 18:11:29,352 - elasticsearch_manager - INFO - Found 20 results for query: What are some common symptoms of overdose?
2025-10-29 18:11:29,520 - elastic_transport.transport - INFO - POST http://localhost:9200/medical_documents/_search [status:200 duration:0.168s]
2025-10-29 18:11:29,520 - elasticsearch_manager - INFO - Found 10 results for query: What are some common symptoms of overdose?
2025-10-29 18:11:29,520 - rag_pipeline - INFO - Answering question: What are some common symptoms of overdose?
2025-10-29 18:11:29,526 - rag_pipeline - INFO - Question type detection - Contra: False, MOA: False, Indication: False, Dosage: True, Side effects: True, Interactions: False, Storage: False, General: False
2025-10-29 18:13:09,845 - src.medical_rag_system - INFO - Initializing Medical RAG System
2025-10-29 18:13:10,276 - embedding_manager - INFO - Loading PubMedBERT model: microsoft/BiomedNLP-PubMedBERT-base-uncased-abstract-fulltext
2025-10-29 18:13:12,408 - embedding_manager - INFO - Loaded FAISS index with 4847 vectors
2025-10-29 18:13:12,418 - elastic_transport.transport - INFO - GET http://localhost:9200/ [status:200 duration:0.011s]
2025-10-29 18:13:12,418 - elasticsearch_manager - INFO - ElasticSearch cluster: docker-cluster
2025-10-29 18:13:12,418 - elasticsearch_manager - INFO - Connected to ElasticSearch at localhost:9200
2025-10-29 18:13:12,418 - rag_pipeline - INFO - Loading PubMedBERT model: microsoft/BiomedNLP-PubMedBERT-base-uncased-abstract-fulltext
2025-10-29 18:13:14,542 - rag_pipeline - INFO - PubMedBERT model loaded successfully
2025-10-29 18:13:14,542 - rag_pipeline - INFO - Loading QA model: ktrapeznikov/biobert_v1.1_pubmed_squad_v2
2025-10-29 18:13:15,468 - rag_pipeline - INFO - QA model loaded successfully
2025-10-29 18:13:15,468 - src.medical_rag_system - INFO - Medical RAG System initialized successfully
2025-10-29 18:13:15,468 - src.medical_rag_system - INFO - Answering question: What are some common symptoms of overdose for AVENTYL (Nortriptyline Hydrochloride)?
2025-10-29 18:13:15,468 - src.medical_rag_system - INFO - Searching for: What are some common symptoms of overdose for AVENTYL (Nortriptyline Hydrochloride)?
2025-10-29 18:13:15,476 - embedding_manager - INFO - Generating embeddings for 1 texts
2025-10-29 18:13:16,469 - elastic_transport.transport - INFO - POST http://localhost:9200/medical_documents/_search [status:200 duration:0.665s]
2025-10-29 18:13:16,469 - elasticsearch_manager - INFO - Found 20 results for query: What are some common symptoms of overdose for AVENTYL (Nortriptyline Hydrochloride)?
2025-10-29 18:13:16,800 - elastic_transport.transport - INFO - POST http://localhost:9200/medical_documents/_search [status:200 duration:0.331s]
2025-10-29 18:13:16,800 - elasticsearch_manager - INFO - Found 10 results for query: What are some common symptoms of overdose for AVENTYL (Nortriptyline Hydrochloride)?
2025-10-29 18:13:16,801 - rag_pipeline - INFO - Answering question: What are some common symptoms of overdose for AVENTYL (Nortriptyline Hydrochloride)?
2025-10-29 18:13:16,803 - rag_pipeline - INFO - Question type detection - Contra: False, MOA: False, Indication: False, Dosage: True, Side effects: True, Interactions: False, Storage: False, General: False
2025-10-29 18:14:01,757 - src.medical_rag_system - INFO - Initializing Medical RAG System
2025-10-29 18:14:02,187 - embedding_manager - INFO - Loading PubMedBERT model: microsoft/BiomedNLP-PubMedBERT-base-uncased-abstract-fulltext
2025-10-29 18:14:04,283 - embedding_manager - INFO - Loaded FAISS index with 4847 vectors
2025-10-29 18:14:04,294 - elastic_transport.transport - INFO - GET http://localhost:9200/ [status:200 duration:0.010s]
2025-10-29 18:14:04,294 - elasticsearch_manager - INFO - ElasticSearch cluster: docker-cluster
2025-10-29 18:14:04,295 - elasticsearch_manager - INFO - Connected to ElasticSearch at localhost:9200
2025-10-29 18:14:04,295 - rag_pipeline - INFO - Loading PubMedBERT model: microsoft/BiomedNLP-PubMedBERT-base-uncased-abstract-fulltext
2025-10-29 18:14:06,315 - rag_pipeline - INFO - PubMedBERT model loaded successfully
2025-10-29 18:14:06,315 - rag_pipeline - INFO - Loading QA model: ktrapeznikov/biobert_v1.1_pubmed_squad_v2
2025-10-29 18:14:07,189 - rag_pipeline - INFO - QA model loaded successfully
2025-10-29 18:14:07,189 - src.medical_rag_system - INFO - Medical RAG System initialized successfully
2025-10-29 18:14:07,190 - src.medical_rag_system - INFO - Answering question: Why should AVENTYL not be used with MAO inhibitors?
2025-10-29 18:14:07,190 - src.medical_rag_system - INFO - Searching for: Why should AVENTYL not be used with MAO inhibitors?
2025-10-29 18:14:07,190 - embedding_manager - INFO - Generating embeddings for 1 texts
2025-10-29 18:14:07,844 - elastic_transport.transport - INFO - POST http://localhost:9200/medical_documents/_search [status:200 duration:0.307s]
2025-10-29 18:14:07,845 - elasticsearch_manager - INFO - Found 20 results for query: Why should AVENTYL not be used with MAO inhibitors?
2025-10-29 18:14:08,020 - elastic_transport.transport - INFO - POST http://localhost:9200/medical_documents/_search [status:200 duration:0.175s]
2025-10-29 18:14:08,021 - elasticsearch_manager - INFO - Found 10 results for query: Why should AVENTYL not be used with MAO inhibitors?
2025-10-29 18:14:08,021 - rag_pipeline - INFO - Answering question: Why should AVENTYL not be used with MAO inhibitors?
2025-10-29 18:14:08,025 - rag_pipeline - INFO - Question type detection - Contra: False, MOA: False, Indication: False, Dosage: False, Side effects: False, Interactions: False, Storage: False, General: False
2025-10-29 18:14:41,616 - src.medical_rag_system - INFO - Initializing Medical RAG System
2025-10-29 18:14:42,112 - embedding_manager - INFO - Loading PubMedBERT model: microsoft/BiomedNLP-PubMedBERT-base-uncased-abstract-fulltext
2025-10-29 18:14:44,296 - embedding_manager - INFO - Loaded FAISS index with 4847 vectors
2025-10-29 18:14:44,307 - elastic_transport.transport - INFO - GET http://localhost:9200/ [status:200 duration:0.010s]
2025-10-29 18:14:44,308 - elasticsearch_manager - INFO - ElasticSearch cluster: docker-cluster
2025-10-29 18:14:44,308 - elasticsearch_manager - INFO - Connected to ElasticSearch at localhost:9200
2025-10-29 18:14:44,308 - rag_pipeline - INFO - Loading PubMedBERT model: microsoft/BiomedNLP-PubMedBERT-base-uncased-abstract-fulltext
2025-10-29 18:14:46,496 - rag_pipeline - INFO - PubMedBERT model loaded successfully
2025-10-29 18:14:46,496 - rag_pipeline - INFO - Loading QA model: ktrapeznikov/biobert_v1.1_pubmed_squad_v2
2025-10-29 18:14:47,400 - rag_pipeline - INFO - QA model loaded successfully
2025-10-29 18:14:47,400 - src.medical_rag_system - INFO - Medical RAG System initialized successfully
2025-10-29 18:14:47,400 - src.medical_rag_system - INFO - Answering question: Why should AVENTYL not be used with MAO inhibitors?
2025-10-29 18:14:47,402 - src.medical_rag_system - INFO - Searching for: Why should AVENTYL not be used with MAO inhibitors?
2025-10-29 18:14:47,402 - embedding_manager - INFO - Generating embeddings for 1 texts
2025-10-29 18:14:48,203 - elastic_transport.transport - INFO - POST http://localhost:9200/medical_documents/_search [status:200 duration:0.323s]
2025-10-29 18:14:48,203 - elasticsearch_manager - INFO - Found 20 results for query: Why should AVENTYL not be used with MAO inhibitors?
2025-10-29 18:14:48,368 - elastic_transport.transport - INFO - POST http://localhost:9200/medical_documents/_search [status:200 duration:0.164s]
2025-10-29 18:14:48,368 - elasticsearch_manager - INFO - Found 10 results for query: Why should AVENTYL not be used with MAO inhibitors?
2025-10-29 18:14:48,368 - rag_pipeline - INFO - Answering question: Why should AVENTYL not be used with MAO inhibitors?
2025-10-29 18:14:48,374 - rag_pipeline - INFO - Question type detection - Contra: False, MOA: False, Indication: False, Dosage: False, Side effects: False, Interactions: False, Storage: False, General: False
2025-10-29 18:22:03,170 - src.medical_rag_system - INFO - Initializing Medical RAG System
2025-10-29 18:22:03,660 - embedding_manager - INFO - Loading PubMedBERT model: microsoft/BiomedNLP-PubMedBERT-base-uncased-abstract-fulltext
2025-10-29 18:22:06,819 - embedding_manager - INFO - Loaded FAISS index with 4847 vectors
2025-10-29 18:22:06,830 - elastic_transport.transport - INFO - GET http://localhost:9200/ [status:200 duration:0.009s]
2025-10-29 18:22:06,830 - elasticsearch_manager - INFO - ElasticSearch cluster: docker-cluster
2025-10-29 18:22:06,831 - elasticsearch_manager - INFO - Connected to ElasticSearch at localhost:9200
2025-10-29 18:22:06,831 - rag_pipeline - INFO - Loading PubMedBERT model: microsoft/BiomedNLP-PubMedBERT-base-uncased-abstract-fulltext
2025-10-29 18:22:09,133 - rag_pipeline - INFO - PubMedBERT model loaded successfully
2025-10-29 18:22:09,133 - rag_pipeline - INFO - Loading QA model: ktrapeznikov/biobert_v1.1_pubmed_squad_v2
2025-10-29 18:22:10,450 - rag_pipeline - INFO - QA model loaded successfully
2025-10-29 18:22:10,450 - src.medical_rag_system - INFO - Medical RAG System initialized successfully
2025-10-29 18:22:10,451 - src.medical_rag_system - INFO - Answering question: Is AVENTYL approved for pediatric use?
2025-10-29 18:22:10,451 - src.medical_rag_system - INFO - Searching for: Is AVENTYL approved for pediatric use?
2025-10-29 18:22:10,451 - embedding_manager - INFO - Generating embeddings for 1 texts
2025-10-29 18:22:11,593 - elastic_transport.transport - INFO - POST http://localhost:9200/medical_documents/_search [status:200 duration:0.368s]
2025-10-29 18:22:11,593 - elasticsearch_manager - INFO - Found 20 results for query: Is AVENTYL approved for pediatric use?
2025-10-29 18:22:11,780 - elastic_transport.transport - INFO - POST http://localhost:9200/medical_documents/_search [status:200 duration:0.185s]
2025-10-29 18:22:11,780 - elasticsearch_manager - INFO - Found 10 results for query: Is AVENTYL approved for pediatric use?
2025-10-29 18:22:11,781 - rag_pipeline - INFO - Answering question: Is AVENTYL approved for pediatric use?
2025-10-29 18:22:11,785 - rag_pipeline - INFO - Question type detection - Contra: False, MOA: False, Indication: False, Dosage: False, Side effects: False, Interactions: False, Storage: False, General: False
2025-10-29 18:26:04,651 - src.medical_rag_system - INFO - Initializing Medical RAG System
2025-10-29 18:26:05,105 - embedding_manager - INFO - Loading PubMedBERT model: microsoft/BiomedNLP-PubMedBERT-base-uncased-abstract-fulltext
2025-10-29 18:26:07,620 - embedding_manager - INFO - Loaded FAISS index with 4847 vectors
2025-10-29 18:26:07,630 - elastic_transport.transport - INFO - GET http://localhost:9200/ [status:200 duration:0.009s]
2025-10-29 18:26:07,630 - elasticsearch_manager - INFO - ElasticSearch cluster: docker-cluster
2025-10-29 18:26:07,631 - elasticsearch_manager - INFO - Connected to ElasticSearch at localhost:9200
2025-10-29 18:26:07,631 - rag_pipeline - INFO - Loading PubMedBERT model: microsoft/BiomedNLP-PubMedBERT-base-uncased-abstract-fulltext
2025-10-29 18:26:09,664 - rag_pipeline - INFO - PubMedBERT model loaded successfully
2025-10-29 18:26:09,665 - rag_pipeline - INFO - Loading QA model: ktrapeznikov/biobert_v1.1_pubmed_squad_v2
2025-10-29 18:26:10,749 - rag_pipeline - INFO - QA model loaded successfully
2025-10-29 18:26:10,749 - src.medical_rag_system - INFO - Medical RAG System initialized successfully
2025-10-29 18:26:10,750 - src.medical_rag_system - INFO - Answering question: What are the common side effects listed for GRAVOL?
2025-10-29 18:26:10,750 - src.medical_rag_system - INFO - Searching for: What are the common side effects listed for GRAVOL?
2025-10-29 18:26:10,750 - embedding_manager - INFO - Generating embeddings for 1 texts
2025-10-29 18:26:11,492 - elastic_transport.transport - INFO - POST http://localhost:9200/medical_documents/_search [status:200 duration:0.334s]
2025-10-29 18:26:11,492 - elasticsearch_manager - INFO - Found 20 results for query: What are the common side effects listed for GRAVOL?
2025-10-29 18:26:11,659 - elastic_transport.transport - INFO - POST http://localhost:9200/medical_documents/_search [status:200 duration:0.165s]
2025-10-29 18:26:11,659 - elasticsearch_manager - INFO - Found 10 results for query: What are the common side effects listed for GRAVOL?
2025-10-29 18:26:11,660 - rag_pipeline - INFO - Answering question: What are the common side effects listed for GRAVOL?
2025-10-29 18:26:11,662 - rag_pipeline - INFO - Question type detection - Contra: False, MOA: False, Indication: False, Dosage: False, Side effects: True, Interactions: False, Storage: False, General: False
2025-10-29 18:26:49,942 - src.medical_rag_system - INFO - Initializing Medical RAG System
2025-10-29 18:26:50,392 - embedding_manager - INFO - Loading PubMedBERT model: microsoft/BiomedNLP-PubMedBERT-base-uncased-abstract-fulltext
2025-10-29 18:26:52,489 - embedding_manager - INFO - Loaded FAISS index with 4847 vectors
2025-10-29 18:26:52,519 - elastic_transport.transport - INFO - GET http://localhost:9200/ [status:200 duration:0.030s]
2025-10-29 18:26:52,520 - elasticsearch_manager - INFO - ElasticSearch cluster: docker-cluster
2025-10-29 18:26:52,520 - elasticsearch_manager - INFO - Connected to ElasticSearch at localhost:9200
2025-10-29 18:26:52,520 - rag_pipeline - INFO - Loading PubMedBERT model: microsoft/BiomedNLP-PubMedBERT-base-uncased-abstract-fulltext
2025-10-29 18:26:54,888 - rag_pipeline - INFO - PubMedBERT model loaded successfully
2025-10-29 18:26:54,889 - rag_pipeline - INFO - Loading QA model: ktrapeznikov/biobert_v1.1_pubmed_squad_v2
2025-10-29 18:26:55,728 - rag_pipeline - INFO - QA model loaded successfully
2025-10-29 18:26:55,728 - src.medical_rag_system - INFO - Medical RAG System initialized successfully
2025-10-29 18:26:55,729 - src.medical_rag_system - INFO - Answering question: Who is the manufacturer of GRAVOL?
2025-10-29 18:26:55,729 - src.medical_rag_system - INFO - Searching for: Who is the manufacturer of GRAVOL?
2025-10-29 18:26:55,729 - embedding_manager - INFO - Generating embeddings for 1 texts
2025-10-29 18:26:56,381 - elastic_transport.transport - INFO - POST http://localhost:9200/medical_documents/_search [status:200 duration:0.291s]
2025-10-29 18:26:56,381 - elasticsearch_manager - INFO - Found 20 results for query: Who is the manufacturer of GRAVOL?
2025-10-29 18:26:56,519 - elastic_transport.transport - INFO - POST http://localhost:9200/medical_documents/_search [status:200 duration:0.137s]
2025-10-29 18:26:56,519 - elasticsearch_manager - INFO - Found 10 results for query: Who is the manufacturer of GRAVOL?
2025-10-29 18:26:56,520 - rag_pipeline - INFO - Answering question: Who is the manufacturer of GRAVOL?
2025-10-29 18:26:56,523 - rag_pipeline - INFO - Question type detection - Contra: False, MOA: False, Indication: False, Dosage: False, Side effects: False, Interactions: False, Storage: False, General: False
2025-10-29 18:27:36,985 - src.medical_rag_system - INFO - Initializing Medical RAG System
2025-10-29 18:27:37,440 - embedding_manager - INFO - Loading PubMedBERT model: microsoft/BiomedNLP-PubMedBERT-base-uncased-abstract-fulltext
2025-10-29 18:27:39,600 - embedding_manager - INFO - Loaded FAISS index with 4847 vectors
2025-10-29 18:27:39,609 - elastic_transport.transport - INFO - GET http://localhost:9200/ [status:200 duration:0.008s]
2025-10-29 18:27:39,609 - elasticsearch_manager - INFO - ElasticSearch cluster: docker-cluster
2025-10-29 18:27:39,610 - elasticsearch_manager - INFO - Connected to ElasticSearch at localhost:9200
2025-10-29 18:27:39,610 - rag_pipeline - INFO - Loading PubMedBERT model: microsoft/BiomedNLP-PubMedBERT-base-uncased-abstract-fulltext
2025-10-29 18:27:42,019 - rag_pipeline - INFO - PubMedBERT model loaded successfully
2025-10-29 18:27:42,020 - rag_pipeline - INFO - Loading QA model: ktrapeznikov/biobert_v1.1_pubmed_squad_v2
2025-10-29 18:27:42,888 - rag_pipeline - INFO - QA model loaded successfully
2025-10-29 18:27:42,888 - src.medical_rag_system - INFO - Medical RAG System initialized successfully
2025-10-29 18:27:42,889 - src.medical_rag_system - INFO - Answering question: What are the signs of GRAVOL abuse or misuse?
2025-10-29 18:27:42,889 - src.medical_rag_system - INFO - Searching for: What are the signs of GRAVOL abuse or misuse?
2025-10-29 18:27:42,889 - embedding_manager - INFO - Generating embeddings for 1 texts
2025-10-29 18:27:43,443 - elastic_transport.transport - INFO - POST http://localhost:9200/medical_documents/_search [status:200 duration:0.222s]
2025-10-29 18:27:43,444 - elasticsearch_manager - INFO - Found 20 results for query: What are the signs of GRAVOL abuse or misuse?
2025-10-29 18:27:43,537 - elastic_transport.transport - INFO - POST http://localhost:9200/medical_documents/_search [status:200 duration:0.094s]
2025-10-29 18:27:43,538 - elasticsearch_manager - INFO - Found 10 results for query: What are the signs of GRAVOL abuse or misuse?
2025-10-29 18:27:43,538 - rag_pipeline - INFO - Answering question: What are the signs of GRAVOL abuse or misuse?
2025-10-29 18:27:43,541 - rag_pipeline - INFO - Question type detection - Contra: False, MOA: False, Indication: False, Dosage: False, Side effects: False, Interactions: False, Storage: False, General: False
2025-10-29 18:28:57,676 - src.medical_rag_system - INFO - Initializing Medical RAG System
2025-10-29 18:28:58,117 - embedding_manager - INFO - Loading PubMedBERT model: microsoft/BiomedNLP-PubMedBERT-base-uncased-abstract-fulltext
2025-10-29 18:29:00,286 - embedding_manager - INFO - Loaded FAISS index with 4847 vectors
2025-10-29 18:29:00,310 - elastic_transport.transport - INFO - GET http://localhost:9200/ [status:200 duration:0.022s]
2025-10-29 18:29:00,310 - elasticsearch_manager - INFO - ElasticSearch cluster: docker-cluster
2025-10-29 18:29:00,310 - elasticsearch_manager - INFO - Connected to ElasticSearch at localhost:9200
2025-10-29 18:29:00,310 - rag_pipeline - INFO - Loading PubMedBERT model: microsoft/BiomedNLP-PubMedBERT-base-uncased-abstract-fulltext
2025-10-29 18:29:02,736 - rag_pipeline - INFO - PubMedBERT model loaded successfully
2025-10-29 18:29:02,736 - rag_pipeline - INFO - Loading QA model: ktrapeznikov/biobert_v1.1_pubmed_squad_v2
2025-10-29 18:29:03,600 - rag_pipeline - INFO - QA model loaded successfully
2025-10-29 18:29:03,600 - src.medical_rag_system - INFO - Medical RAG System initialized successfully
2025-10-29 18:29:03,601 - src.medical_rag_system - INFO - Answering question: What are the available dosage forms of GRAVOL?
2025-10-29 18:29:03,602 - src.medical_rag_system - INFO - Searching for: What are the available dosage forms of GRAVOL?
2025-10-29 18:29:03,602 - embedding_manager - INFO - Generating embeddings for 1 texts
2025-10-29 18:29:04,171 - elastic_transport.transport - INFO - POST http://localhost:9200/medical_documents/_search [status:200 duration:0.253s]
2025-10-29 18:29:04,173 - elasticsearch_manager - INFO - Found 20 results for query: What are the available dosage forms of GRAVOL?
2025-10-29 18:29:04,288 - elastic_transport.transport - INFO - POST http://localhost:9200/medical_documents/_search [status:200 duration:0.115s]
2025-10-29 18:29:04,288 - elasticsearch_manager - INFO - Found 10 results for query: What are the available dosage forms of GRAVOL?
2025-10-29 18:29:04,288 - rag_pipeline - INFO - Answering question: What are the available dosage forms of GRAVOL?
2025-10-29 18:29:04,292 - rag_pipeline - INFO - Question type detection - Contra: False, MOA: False, Indication: False, Dosage: True, Side effects: False, Interactions: False, Storage: False, General: False
2025-10-29 18:31:56,634 - src.medical_rag_system - INFO - Initializing Medical RAG System
2025-10-29 18:31:57,061 - embedding_manager - INFO - Loading PubMedBERT model: microsoft/BiomedNLP-PubMedBERT-base-uncased-abstract-fulltext
2025-10-29 18:31:59,163 - embedding_manager - INFO - Loaded FAISS index with 4847 vectors
2025-10-29 18:31:59,177 - elastic_transport.transport - INFO - GET http://localhost:9200/ [status:200 duration:0.014s]
2025-10-29 18:31:59,178 - elasticsearch_manager - INFO - ElasticSearch cluster: docker-cluster
2025-10-29 18:31:59,178 - elasticsearch_manager - INFO - Connected to ElasticSearch at localhost:9200
2025-10-29 18:31:59,178 - rag_pipeline - INFO - Loading PubMedBERT model: microsoft/BiomedNLP-PubMedBERT-base-uncased-abstract-fulltext
2025-10-29 18:32:01,227 - rag_pipeline - INFO - PubMedBERT model loaded successfully
2025-10-29 18:32:01,227 - rag_pipeline - INFO - Loading QA model: ktrapeznikov/biobert_v1.1_pubmed_squad_v2
2025-10-29 18:32:02,174 - rag_pipeline - INFO - QA model loaded successfully
2025-10-29 18:32:02,174 - src.medical_rag_system - INFO - Medical RAG System initialized successfully
2025-10-29 18:32:02,175 - src.medical_rag_system - INFO - Answering question: What is the active ingredient in GRAVOL?
2025-10-29 18:32:02,175 - src.medical_rag_system - INFO - Searching for: What is the active ingredient in GRAVOL?
2025-10-29 18:32:02,175 - embedding_manager - INFO - Generating embeddings for 1 texts
2025-10-29 18:32:02,902 - elastic_transport.transport - INFO - POST http://localhost:9200/medical_documents/_search [status:200 duration:0.286s]
2025-10-29 18:32:02,903 - elasticsearch_manager - INFO - Found 20 results for query: What is the active ingredient in GRAVOL?
2025-10-29 18:32:03,038 - elastic_transport.transport - INFO - POST http://localhost:9200/medical_documents/_search [status:200 duration:0.133s]
2025-10-29 18:32:03,039 - elasticsearch_manager - INFO - Found 10 results for query: What is the active ingredient in GRAVOL?
2025-10-29 18:32:03,039 - rag_pipeline - INFO - Answering question: What is the active ingredient in GRAVOL?
2025-10-29 18:32:03,042 - rag_pipeline - INFO - Question type detection - Contra: False, MOA: False, Indication: False, Dosage: False, Side effects: False, Interactions: False, Storage: False, General: True
2025-10-29 18:32:48,413 - src.medical_rag_system - INFO - Initializing Medical RAG System
2025-10-29 18:32:48,842 - embedding_manager - INFO - Loading PubMedBERT model: microsoft/BiomedNLP-PubMedBERT-base-uncased-abstract-fulltext
2025-10-29 18:32:50,939 - embedding_manager - INFO - Loaded FAISS index with 4847 vectors
2025-10-29 18:32:50,967 - elastic_transport.transport - INFO - GET http://localhost:9200/ [status:200 duration:0.027s]
2025-10-29 18:32:50,968 - elasticsearch_manager - INFO - ElasticSearch cluster: docker-cluster
2025-10-29 18:32:50,969 - elasticsearch_manager - INFO - Connected to ElasticSearch at localhost:9200
2025-10-29 18:32:50,970 - rag_pipeline - INFO - Loading PubMedBERT model: microsoft/BiomedNLP-PubMedBERT-base-uncased-abstract-fulltext
2025-10-29 18:32:52,943 - rag_pipeline - INFO - PubMedBERT model loaded successfully
2025-10-29 18:32:52,944 - rag_pipeline - INFO - Loading QA model: ktrapeznikov/biobert_v1.1_pubmed_squad_v2
2025-10-29 18:32:53,817 - rag_pipeline - INFO - QA model loaded successfully
2025-10-29 18:32:53,818 - src.medical_rag_system - INFO - Medical RAG System initialized successfully
2025-10-29 18:32:53,821 - src.medical_rag_system - INFO - Processing 6 PDF documents
2025-10-29 18:32:53,823 - pdf_processor - INFO - Processing PDF: data\00033512.pdf
2025-10-29 18:32:55,653 - src.medical_rag_system - INFO - Successfully processed 00033512.pdf: 78 chunks
2025-10-29 18:32:55,653 - pdf_processor - INFO - Processing PDF: data\00058090.pdf
2025-10-29 18:32:57,528 - src.medical_rag_system - INFO - Successfully processed 00058090.pdf: 100 chunks
2025-10-29 18:32:57,529 - pdf_processor - INFO - Processing PDF: data\00068263.pdf
2025-10-29 18:32:59,183 - src.medical_rag_system - INFO - Successfully processed 00068263.pdf: 93 chunks
2025-10-29 18:32:59,186 - pdf_processor - INFO - Processing PDF: data\00071859.pdf
2025-10-29 18:33:01,143 - src.medical_rag_system - INFO - Successfully processed 00071859.pdf: 107 chunks
2025-10-29 18:33:01,145 - pdf_processor - INFO - Processing PDF: data\00074795.pdf
2025-10-29 18:33:02,170 - src.medical_rag_system - INFO - Successfully processed 00074795.pdf: 58 chunks
2025-10-29 18:33:02,173 - pdf_processor - INFO - Processing PDF: data\00078801.pdf
2025-10-29 18:33:03,394 - src.medical_rag_system - INFO - Successfully processed 00078801.pdf: 71 chunks
2025-10-29 18:33:03,394 - src.medical_rag_system - INFO - Generating embeddings for 507 chunks
2025-10-29 18:33:03,395 - embedding_manager - INFO - Generating embeddings for 507 texts
2025-10-29 18:34:48,216 - embedding_manager - INFO - Adding 507 embeddings to existing index
2025-10-29 18:34:48,239 - embedding_manager - INFO - Saved FAISS index to C:\G\chatbot maclens\vector_db\faiss_index.bin
2025-10-29 18:34:48,249 - embedding_manager - INFO - Saved metadata to C:\G\chatbot maclens\vector_db\metadata.pkl
2025-10-29 18:34:48,249 - embedding_manager - INFO - Index now contains 5354 vectors
2025-10-29 18:34:48,257 - elastic_transport.transport - INFO - HEAD http://localhost:9200/medical_documents [status:200 duration:0.009s]
2025-10-29 18:34:48,257 - elasticsearch_manager - INFO - Index medical_documents already exists
2025-10-29 18:34:48,261 - elastic_transport.transport - INFO - HEAD http://localhost:9200/medical_documents [status:200 duration:0.003s]
2025-10-29 18:34:48,263 - elasticsearch_manager - INFO - Indexing 507 documents in ElasticSearch
2025-10-29 18:34:48,480 - elastic_transport.transport - INFO - PUT http://localhost:9200/_bulk [status:200 duration:0.206s]
2025-10-29 18:34:48,636 - elastic_transport.transport - INFO - PUT http://localhost:9200/_bulk [status:200 duration:0.152s]
2025-10-29 18:34:48,722 - elastic_transport.transport - INFO - PUT http://localhost:9200/_bulk [status:200 duration:0.084s]
2025-10-29 18:34:48,790 - elastic_transport.transport - INFO - PUT http://localhost:9200/_bulk [status:200 duration:0.063s]
2025-10-29 18:34:48,850 - elastic_transport.transport - INFO - PUT http://localhost:9200/_bulk [status:200 duration:0.057s]
2025-10-29 18:34:48,866 - elastic_transport.transport - INFO - PUT http://localhost:9200/_bulk [status:200 duration:0.015s]
2025-10-29 18:34:48,866 - elasticsearch_manager - INFO - Successfully indexed 507 documents
2025-10-29 18:34:48,957 - elastic_transport.transport - INFO - POST http://localhost:9200/medical_documents/_refresh [status:200 duration:0.090s]
2025-10-29 18:34:48,957 - src.medical_rag_system - INFO - Successfully indexed all documents
2025-10-29 18:35:05,447 - src.medical_rag_system - INFO - Initializing Medical RAG System
2025-10-29 18:35:05,874 - embedding_manager - INFO - Loading PubMedBERT model: microsoft/BiomedNLP-PubMedBERT-base-uncased-abstract-fulltext
2025-10-29 18:35:08,094 - embedding_manager - INFO - Loaded FAISS index with 5354 vectors
2025-10-29 18:35:08,104 - elastic_transport.transport - INFO - GET http://localhost:9200/ [status:200 duration:0.008s]
2025-10-29 18:35:08,104 - elasticsearch_manager - INFO - ElasticSearch cluster: docker-cluster
2025-10-29 18:35:08,105 - elasticsearch_manager - INFO - Connected to ElasticSearch at localhost:9200
2025-10-29 18:35:08,105 - rag_pipeline - INFO - Loading PubMedBERT model: microsoft/BiomedNLP-PubMedBERT-base-uncased-abstract-fulltext
2025-10-29 18:35:10,164 - rag_pipeline - INFO - PubMedBERT model loaded successfully
2025-10-29 18:35:10,164 - rag_pipeline - INFO - Loading QA model: ktrapeznikov/biobert_v1.1_pubmed_squad_v2
2025-10-29 18:35:11,062 - rag_pipeline - INFO - QA model loaded successfully
2025-10-29 18:35:11,062 - src.medical_rag_system - INFO - Medical RAG System initialized successfully
2025-10-29 18:35:11,064 - src.medical_rag_system - INFO - Answering question: What is the ingredient in GRAVOL?
2025-10-29 18:35:11,064 - src.medical_rag_system - INFO - Searching for: What is the ingredient in GRAVOL?
2025-10-29 18:35:11,064 - embedding_manager - INFO - Generating embeddings for 1 texts
2025-10-29 18:35:11,681 - elastic_transport.transport - INFO - POST http://localhost:9200/medical_documents/_search [status:200 duration:0.223s]
2025-10-29 18:35:11,683 - elasticsearch_manager - INFO - Found 20 results for query: What is the ingredient in GRAVOL?
2025-10-29 18:35:11,785 - elastic_transport.transport - INFO - POST http://localhost:9200/medical_documents/_search [status:200 duration:0.102s]
2025-10-29 18:35:11,786 - elasticsearch_manager - INFO - Found 10 results for query: What is the ingredient in GRAVOL?
2025-10-29 18:35:11,787 - rag_pipeline - INFO - Answering question: What is the ingredient in GRAVOL?
2025-10-29 18:35:11,789 - rag_pipeline - INFO - Question type detection - Contra: False, MOA: False, Indication: False, Dosage: False, Side effects: False, Interactions: False, Storage: False, General: True
2025-10-29 18:35:53,111 - src.medical_rag_system - INFO - Initializing Medical RAG System
2025-10-29 18:35:53,552 - embedding_manager - INFO - Loading PubMedBERT model: microsoft/BiomedNLP-PubMedBERT-base-uncased-abstract-fulltext
2025-10-29 18:35:55,653 - embedding_manager - INFO - Loaded FAISS index with 5354 vectors
2025-10-29 18:35:55,661 - elastic_transport.transport - INFO - GET http://localhost:9200/ [status:200 duration:0.007s]
2025-10-29 18:35:55,662 - elasticsearch_manager - INFO - ElasticSearch cluster: docker-cluster
2025-10-29 18:35:55,662 - elasticsearch_manager - INFO - Connected to ElasticSearch at localhost:9200
2025-10-29 18:35:55,662 - rag_pipeline - INFO - Loading PubMedBERT model: microsoft/BiomedNLP-PubMedBERT-base-uncased-abstract-fulltext
2025-10-29 18:35:57,645 - rag_pipeline - INFO - PubMedBERT model loaded successfully
2025-10-29 18:35:57,646 - rag_pipeline - INFO - Loading QA model: ktrapeznikov/biobert_v1.1_pubmed_squad_v2
2025-10-29 18:35:58,480 - rag_pipeline - INFO - QA model loaded successfully
2025-10-29 18:35:58,481 - src.medical_rag_system - INFO - Medical RAG System initialized successfully
2025-10-29 18:35:58,481 - src.medical_rag_system - INFO - Answering question: What are the ingredients in GRAVOL?
2025-10-29 18:35:58,481 - src.medical_rag_system - INFO - Searching for: What are the ingredients in GRAVOL?
2025-10-29 18:35:58,481 - embedding_manager - INFO - Generating embeddings for 1 texts
2025-10-29 18:35:58,996 - elastic_transport.transport - INFO - POST http://localhost:9200/medical_documents/_search [status:200 duration:0.215s]
2025-10-29 18:35:58,997 - elasticsearch_manager - INFO - Found 20 results for query: What are the ingredients in GRAVOL?
2025-10-29 18:35:59,103 - elastic_transport.transport - INFO - POST http://localhost:9200/medical_documents/_search [status:200 duration:0.106s]
2025-10-29 18:35:59,104 - elasticsearch_manager - INFO - Found 10 results for query: What are the ingredients in GRAVOL?
2025-10-29 18:35:59,105 - rag_pipeline - INFO - Answering question: What are the ingredients in GRAVOL?
2025-10-29 18:35:59,107 - rag_pipeline - INFO - Question type detection - Contra: False, MOA: False, Indication: False, Dosage: False, Side effects: False, Interactions: False, Storage: False, General: False
2025-10-29 18:36:55,032 - src.medical_rag_system - INFO - Initializing Medical RAG System
2025-10-29 18:36:55,465 - embedding_manager - INFO - Loading PubMedBERT model: microsoft/BiomedNLP-PubMedBERT-base-uncased-abstract-fulltext
2025-10-29 18:36:58,001 - embedding_manager - INFO - Loaded FAISS index with 5354 vectors
2025-10-29 18:36:58,024 - elastic_transport.transport - INFO - GET http://localhost:9200/ [status:200 duration:0.021s]
2025-10-29 18:36:58,024 - elasticsearch_manager - INFO - ElasticSearch cluster: docker-cluster
2025-10-29 18:36:58,024 - elasticsearch_manager - INFO - Connected to ElasticSearch at localhost:9200
2025-10-29 18:36:58,024 - rag_pipeline - INFO - Loading PubMedBERT model: microsoft/BiomedNLP-PubMedBERT-base-uncased-abstract-fulltext
2025-10-29 18:37:00,050 - rag_pipeline - INFO - PubMedBERT model loaded successfully
2025-10-29 18:37:00,050 - rag_pipeline - INFO - Loading QA model: ktrapeznikov/biobert_v1.1_pubmed_squad_v2
2025-10-29 18:37:00,884 - rag_pipeline - INFO - QA model loaded successfully
2025-10-29 18:37:00,884 - src.medical_rag_system - INFO - Medical RAG System initialized successfully
2025-10-29 18:37:00,884 - src.medical_rag_system - INFO - Answering question: Which family of drugs does gravol belong to?
2025-10-29 18:37:00,885 - src.medical_rag_system - INFO - Searching for: Which family of drugs does gravol belong to?
2025-10-29 18:37:00,885 - embedding_manager - INFO - Generating embeddings for 1 texts
2025-10-29 18:37:01,442 - elastic_transport.transport - INFO - POST http://localhost:9200/medical_documents/_search [status:200 duration:0.252s]
2025-10-29 18:37:01,442 - elasticsearch_manager - INFO - Found 20 results for query: Which family of drugs does gravol belong to?
2025-10-29 18:37:01,558 - elastic_transport.transport - INFO - POST http://localhost:9200/medical_documents/_search [status:200 duration:0.115s]
2025-10-29 18:37:01,559 - elasticsearch_manager - INFO - Found 10 results for query: Which family of drugs does gravol belong to?
2025-10-29 18:37:01,559 - rag_pipeline - INFO - Answering question: Which family of drugs does gravol belong to?
2025-10-29 18:37:01,562 - rag_pipeline - INFO - Question type detection - Contra: False, MOA: False, Indication: False, Dosage: False, Side effects: False, Interactions: False, Storage: False, General: False
2025-10-29 18:38:05,117 - src.medical_rag_system - INFO - Initializing Medical RAG System
2025-10-29 18:38:06,235 - embedding_manager - INFO - Loading PubMedBERT model: microsoft/BiomedNLP-PubMedBERT-base-uncased-abstract-fulltext
2025-10-29 18:38:08,831 - embedding_manager - INFO - Loaded FAISS index with 5354 vectors
2025-10-29 18:38:08,843 - elastic_transport.transport - INFO - GET http://localhost:9200/ [status:200 duration:0.007s]
2025-10-29 18:38:08,843 - elasticsearch_manager - INFO - ElasticSearch cluster: docker-cluster
2025-10-29 18:38:08,843 - elasticsearch_manager - INFO - Connected to ElasticSearch at localhost:9200
2025-10-29 18:38:08,843 - rag_pipeline - INFO - Loading PubMedBERT model: microsoft/BiomedNLP-PubMedBERT-base-uncased-abstract-fulltext
2025-10-29 18:38:11,586 - rag_pipeline - INFO - PubMedBERT model loaded successfully
2025-10-29 18:38:11,586 - rag_pipeline - INFO - Loading QA model: ktrapeznikov/biobert_v1.1_pubmed_squad_v2
2025-10-29 18:38:12,931 - rag_pipeline - INFO - QA model loaded successfully
2025-10-29 18:38:12,931 - src.medical_rag_system - INFO - Medical RAG System initialized successfully
2025-10-29 18:38:12,931 - src.medical_rag_system - INFO - Answering question: Which family of drugs does gravol belong to?
2025-10-29 18:38:12,931 - src.medical_rag_system - INFO - Searching for: Which family of drugs does gravol belong to?
2025-10-29 18:38:12,931 - embedding_manager - INFO - Generating embeddings for 1 texts
2025-10-29 18:38:14,959 - elastic_transport.transport - INFO - POST http://localhost:9200/medical_documents/_search [status:200 duration:0.324s]
2025-10-29 18:38:14,959 - elasticsearch_manager - INFO - Found 20 results for query: Which family of drugs does gravol belong to?
2025-10-29 18:38:15,113 - elastic_transport.transport - INFO - POST http://localhost:9200/medical_documents/_search [status:200 duration:0.153s]
2025-10-29 18:38:15,114 - elasticsearch_manager - INFO - Found 10 results for query: Which family of drugs does gravol belong to?
2025-10-29 18:38:15,114 - rag_pipeline - INFO - Answering question: Which family of drugs does gravol belong to?
2025-10-29 18:38:15,120 - rag_pipeline - INFO - Question type detection - Contra: False, MOA: False, Indication: False, Dosage: False, Side effects: False, Interactions: False, Storage: False, General: False
2025-10-29 18:38:55,057 - src.medical_rag_system - INFO - Initializing Medical RAG System
2025-10-29 18:38:55,504 - embedding_manager - INFO - Loading PubMedBERT model: microsoft/BiomedNLP-PubMedBERT-base-uncased-abstract-fulltext
2025-10-29 18:38:57,684 - embedding_manager - INFO - Loaded FAISS index with 5354 vectors
2025-10-29 18:38:57,694 - elastic_transport.transport - INFO - GET http://localhost:9200/ [status:200 duration:0.010s]
2025-10-29 18:38:57,694 - elasticsearch_manager - INFO - ElasticSearch cluster: docker-cluster
2025-10-29 18:38:57,695 - elasticsearch_manager - INFO - Connected to ElasticSearch at localhost:9200
2025-10-29 18:38:57,695 - rag_pipeline - INFO - Loading PubMedBERT model: microsoft/BiomedNLP-PubMedBERT-base-uncased-abstract-fulltext
2025-10-29 18:38:59,830 - rag_pipeline - INFO - PubMedBERT model loaded successfully
2025-10-29 18:38:59,832 - rag_pipeline - INFO - Loading QA model: ktrapeznikov/biobert_v1.1_pubmed_squad_v2
2025-10-29 18:39:00,741 - rag_pipeline - INFO - QA model loaded successfully
2025-10-29 18:39:00,741 - src.medical_rag_system - INFO - Medical RAG System initialized successfully
2025-10-29 18:39:00,743 - src.medical_rag_system - INFO - Answering question: Is AVENTYL approved for pediatric use?
2025-10-29 18:39:00,743 - src.medical_rag_system - INFO - Searching for: Is AVENTYL approved for pediatric use?
2025-10-29 18:39:00,744 - embedding_manager - INFO - Generating embeddings for 1 texts
2025-10-29 18:39:01,407 - elastic_transport.transport - INFO - POST http://localhost:9200/medical_documents/_search [status:200 duration:0.288s]
2025-10-29 18:39:01,408 - elasticsearch_manager - INFO - Found 20 results for query: Is AVENTYL approved for pediatric use?
2025-10-29 18:39:01,553 - elastic_transport.transport - INFO - POST http://localhost:9200/medical_documents/_search [status:200 duration:0.145s]
2025-10-29 18:39:01,554 - elasticsearch_manager - INFO - Found 10 results for query: Is AVENTYL approved for pediatric use?
2025-10-29 18:39:01,554 - rag_pipeline - INFO - Answering question: Is AVENTYL approved for pediatric use?
2025-10-29 18:39:01,558 - rag_pipeline - INFO - Question type detection - Contra: False, MOA: False, Indication: False, Dosage: False, Side effects: False, Interactions: False, Storage: False, General: False
2025-10-29 18:39:51,148 - src.medical_rag_system - INFO - Initializing Medical RAG System
2025-10-29 18:39:51,670 - embedding_manager - INFO - Loading PubMedBERT model: microsoft/BiomedNLP-PubMedBERT-base-uncased-abstract-fulltext
2025-10-29 18:39:53,846 - embedding_manager - INFO - Loaded FAISS index with 5354 vectors
2025-10-29 18:39:53,888 - elastic_transport.transport - INFO - GET http://localhost:9200/ [status:200 duration:0.041s]
2025-10-29 18:39:53,889 - elasticsearch_manager - INFO - ElasticSearch cluster: docker-cluster
2025-10-29 18:39:53,890 - elasticsearch_manager - INFO - Connected to ElasticSearch at localhost:9200
2025-10-29 18:39:53,891 - rag_pipeline - INFO - Loading PubMedBERT model: microsoft/BiomedNLP-PubMedBERT-base-uncased-abstract-fulltext
2025-10-29 18:39:55,918 - rag_pipeline - INFO - PubMedBERT model loaded successfully
2025-10-29 18:39:55,919 - rag_pipeline - INFO - Loading QA model: ktrapeznikov/biobert_v1.1_pubmed_squad_v2
2025-10-29 18:39:56,777 - rag_pipeline - INFO - QA model loaded successfully
2025-10-29 18:39:56,777 - src.medical_rag_system - INFO - Medical RAG System initialized successfully
2025-10-29 18:39:56,778 - src.medical_rag_system - INFO - Answering question: At what age is GRAVOL not recommended for children?
2025-10-29 18:39:56,778 - src.medical_rag_system - INFO - Searching for: At what age is GRAVOL not recommended for children?
2025-10-29 18:39:56,778 - embedding_manager - INFO - Generating embeddings for 1 texts
2025-10-29 18:39:57,457 - elastic_transport.transport - INFO - POST http://localhost:9200/medical_documents/_search [status:200 duration:0.333s]
2025-10-29 18:39:57,457 - elasticsearch_manager - INFO - Found 20 results for query: At what age is GRAVOL not recommended for children?
2025-10-29 18:39:57,617 - elastic_transport.transport - INFO - POST http://localhost:9200/medical_documents/_search [status:200 duration:0.159s]
2025-10-29 18:39:57,618 - elasticsearch_manager - INFO - Found 10 results for query: At what age is GRAVOL not recommended for children?
2025-10-29 18:39:57,618 - rag_pipeline - INFO - Answering question: At what age is GRAVOL not recommended for children?
2025-10-29 18:39:57,621 - rag_pipeline - INFO - Question type detection - Contra: True, MOA: False, Indication: False, Dosage: False, Side effects: False, Interactions: False, Storage: False, General: False
2025-10-29 18:40:26,561 - src.medical_rag_system - INFO - Initializing Medical RAG System
2025-10-29 18:40:27,015 - embedding_manager - INFO - Loading PubMedBERT model: microsoft/BiomedNLP-PubMedBERT-base-uncased-abstract-fulltext
2025-10-29 18:40:29,540 - embedding_manager - INFO - Loaded FAISS index with 5354 vectors
2025-10-29 18:40:29,549 - elastic_transport.transport - INFO - GET http://localhost:9200/ [status:200 duration:0.008s]
2025-10-29 18:40:29,549 - elasticsearch_manager - INFO - ElasticSearch cluster: docker-cluster
2025-10-29 18:40:29,549 - elasticsearch_manager - INFO - Connected to ElasticSearch at localhost:9200
2025-10-29 18:40:29,550 - rag_pipeline - INFO - Loading PubMedBERT model: microsoft/BiomedNLP-PubMedBERT-base-uncased-abstract-fulltext
2025-10-29 18:40:31,564 - rag_pipeline - INFO - PubMedBERT model loaded successfully
2025-10-29 18:40:31,564 - rag_pipeline - INFO - Loading QA model: ktrapeznikov/biobert_v1.1_pubmed_squad_v2
2025-10-29 18:40:32,384 - rag_pipeline - INFO - QA model loaded successfully
2025-10-29 18:40:32,386 - src.medical_rag_system - INFO - Medical RAG System initialized successfully
2025-10-29 18:40:32,386 - src.medical_rag_system - INFO - Answering question: What symptoms is GRAVOL used to prevent or relieve?
2025-10-29 18:40:32,386 - src.medical_rag_system - INFO - Searching for: What symptoms is GRAVOL used to prevent or relieve?
2025-10-29 18:40:32,387 - embedding_manager - INFO - Generating embeddings for 1 texts
2025-10-29 18:40:33,004 - elastic_transport.transport - INFO - POST http://localhost:9200/medical_documents/_search [status:200 duration:0.315s]
2025-10-29 18:40:33,006 - elasticsearch_manager - INFO - Found 20 results for query: What symptoms is GRAVOL used to prevent or relieve?
2025-10-29 18:40:33,170 - elastic_transport.transport - INFO - POST http://localhost:9200/medical_documents/_search [status:200 duration:0.164s]
2025-10-29 18:40:33,170 - elasticsearch_manager - INFO - Found 10 results for query: What symptoms is GRAVOL used to prevent or relieve?
2025-10-29 18:40:33,171 - rag_pipeline - INFO - Answering question: What symptoms is GRAVOL used to prevent or relieve?
2025-10-29 18:40:33,174 - rag_pipeline - INFO - Question type detection - Contra: False, MOA: False, Indication: True, Dosage: False, Side effects: True, Interactions: False, Storage: False, General: False
2025-10-29 18:42:34,376 - src.medical_rag_system - INFO - Initializing Medical RAG System
2025-10-29 18:42:34,914 - embedding_manager - INFO - Loading PubMedBERT model: microsoft/BiomedNLP-PubMedBERT-base-uncased-abstract-fulltext
2025-10-29 18:42:37,147 - embedding_manager - INFO - Loaded FAISS index with 5354 vectors
2025-10-29 18:42:37,176 - elastic_transport.transport - INFO - GET http://localhost:9200/ [status:200 duration:0.028s]
2025-10-29 18:42:37,177 - elasticsearch_manager - INFO - ElasticSearch cluster: docker-cluster
2025-10-29 18:42:37,178 - elasticsearch_manager - INFO - Connected to ElasticSearch at localhost:9200
2025-10-29 18:42:37,180 - rag_pipeline - INFO - Loading PubMedBERT model: microsoft/BiomedNLP-PubMedBERT-base-uncased-abstract-fulltext
2025-10-29 18:42:39,322 - rag_pipeline - INFO - PubMedBERT model loaded successfully
2025-10-29 18:42:39,322 - rag_pipeline - INFO - Loading QA model: ktrapeznikov/biobert_v1.1_pubmed_squad_v2
2025-10-29 18:42:40,252 - rag_pipeline - INFO - QA model loaded successfully
2025-10-29 18:42:40,252 - src.medical_rag_system - INFO - Medical RAG System initialized successfully
2025-10-29 18:42:40,253 - src.medical_rag_system - INFO - Answering question: In what patient age group should reduced doses be given of XYLOCAINE Jelly 2% (Lidocaine Hydrochloride)?
2025-10-29 18:42:40,254 - src.medical_rag_system - INFO - Searching for: In what patient age group should reduced doses be given of XYLOCAINE Jelly 2% (Lidocaine Hydrochloride)?
2025-10-29 18:42:40,254 - embedding_manager - INFO - Generating embeddings for 1 texts
2025-10-29 18:42:41,443 - elastic_transport.transport - INFO - POST http://localhost:9200/medical_documents/_search [status:200 duration:0.727s]
2025-10-29 18:42:41,444 - elasticsearch_manager - INFO - Found 20 results for query: In what patient age group should reduced doses be given of XYLOCAINE Jelly 2% (Lidocaine Hydrochloride)?
2025-10-29 18:42:41,811 - elastic_transport.transport - INFO - POST http://localhost:9200/medical_documents/_search [status:200 duration:0.365s]
2025-10-29 18:42:41,811 - elasticsearch_manager - INFO - Found 10 results for query: In what patient age group should reduced doses be given of XYLOCAINE Jelly 2% (Lidocaine Hydrochloride)?
2025-10-29 18:42:41,811 - rag_pipeline - INFO - Answering question: In what patient age group should reduced doses be given of XYLOCAINE Jelly 2% (Lidocaine Hydrochloride)?
2025-10-29 18:42:41,814 - rag_pipeline - INFO - Question type detection - Contra: False, MOA: False, Indication: False, Dosage: True, Side effects: False, Interactions: False, Storage: False, General: False
2025-10-29 18:43:39,328 - src.medical_rag_system - INFO - Initializing Medical RAG System
2025-10-29 18:43:39,835 - embedding_manager - INFO - Loading PubMedBERT model: microsoft/BiomedNLP-PubMedBERT-base-uncased-abstract-fulltext
2025-10-29 18:43:42,034 - embedding_manager - INFO - Loaded FAISS index with 5354 vectors
2025-10-29 18:43:42,054 - elastic_transport.transport - INFO - GET http://localhost:9200/ [status:200 duration:0.019s]
2025-10-29 18:43:42,055 - elasticsearch_manager - INFO - ElasticSearch cluster: docker-cluster
2025-10-29 18:43:42,055 - elasticsearch_manager - INFO - Connected to ElasticSearch at localhost:9200
2025-10-29 18:43:42,055 - rag_pipeline - INFO - Loading PubMedBERT model: microsoft/BiomedNLP-PubMedBERT-base-uncased-abstract-fulltext
2025-10-29 18:43:44,137 - rag_pipeline - INFO - PubMedBERT model loaded successfully
2025-10-29 18:43:44,137 - rag_pipeline - INFO - Loading QA model: ktrapeznikov/biobert_v1.1_pubmed_squad_v2
2025-10-29 18:43:45,406 - rag_pipeline - INFO - QA model loaded successfully
2025-10-29 18:43:45,407 - src.medical_rag_system - INFO - Medical RAG System initialized successfully
2025-10-29 18:43:45,407 - src.medical_rag_system - INFO - Answering question: What is the maximum safe dose of XYLOCAINE Jelly for urethral use in adults?
2025-10-29 18:43:45,407 - src.medical_rag_system - INFO - Searching for: What is the maximum safe dose of XYLOCAINE Jelly for urethral use in adults?
2025-10-29 18:43:45,407 - embedding_manager - INFO - Generating embeddings for 1 texts
2025-10-29 18:43:46,117 - elastic_transport.transport - INFO - POST http://localhost:9200/medical_documents/_search [status:200 duration:0.335s]
2025-10-29 18:43:46,118 - elasticsearch_manager - INFO - Found 20 results for query: What is the maximum safe dose of XYLOCAINE Jelly for urethral use in adults?
2025-10-29 18:43:46,281 - elastic_transport.transport - INFO - POST http://localhost:9200/medical_documents/_search [status:200 duration:0.162s]
2025-10-29 18:43:46,281 - elasticsearch_manager - INFO - Found 10 results for query: What is the maximum safe dose of XYLOCAINE Jelly for urethral use in adults?
2025-10-29 18:43:46,281 - rag_pipeline - INFO - Answering question: What is the maximum safe dose of XYLOCAINE Jelly for urethral use in adults?
2025-10-29 18:43:46,284 - rag_pipeline - INFO - Question type detection - Contra: False, MOA: False, Indication: False, Dosage: True, Side effects: False, Interactions: False, Storage: False, General: False
2025-10-29 18:46:43,813 - src.medical_rag_system - INFO - Initializing Medical RAG System
2025-10-29 18:46:44,279 - embedding_manager - INFO - Loading PubMedBERT model: microsoft/BiomedNLP-PubMedBERT-base-uncased-abstract-fulltext
2025-10-29 18:46:46,894 - embedding_manager - INFO - Loaded FAISS index with 5354 vectors
2025-10-29 18:46:46,910 - elastic_transport.transport - INFO - GET http://localhost:9200/ [status:200 duration:0.016s]
2025-10-29 18:46:46,911 - elasticsearch_manager - INFO - ElasticSearch cluster: docker-cluster
2025-10-29 18:46:46,911 - elasticsearch_manager - INFO - Connected to ElasticSearch at localhost:9200
2025-10-29 18:46:46,911 - rag_pipeline - INFO - Loading PubMedBERT model: microsoft/BiomedNLP-PubMedBERT-base-uncased-abstract-fulltext
2025-10-29 18:46:49,018 - rag_pipeline - INFO - PubMedBERT model loaded successfully
2025-10-29 18:46:49,019 - rag_pipeline - INFO - Loading QA model: ktrapeznikov/biobert_v1.1_pubmed_squad_v2
2025-10-29 18:46:50,212 - rag_pipeline - INFO - QA model loaded successfully
2025-10-29 18:46:50,213 - src.medical_rag_system - INFO - Medical RAG System initialized successfully
2025-10-29 18:46:50,213 - src.medical_rag_system - INFO - Answering question: Which family of drugs does gravol belong to?
2025-10-29 18:46:50,213 - src.medical_rag_system - INFO - Searching for: Which family of drugs does gravol belong to?
2025-10-29 18:46:50,213 - embedding_manager - INFO - Generating embeddings for 1 texts
2025-10-29 18:46:51,076 - elastic_transport.transport - INFO - POST http://localhost:9200/medical_documents/_search [status:200 duration:0.257s]
2025-10-29 18:46:51,077 - elasticsearch_manager - INFO - Found 20 results for query: Which family of drugs does gravol belong to?
2025-10-29 18:46:51,201 - elastic_transport.transport - INFO - POST http://localhost:9200/medical_documents/_search [status:200 duration:0.123s]
2025-10-29 18:46:51,202 - elasticsearch_manager - INFO - Found 10 results for query: Which family of drugs does gravol belong to?
2025-10-29 18:46:51,202 - rag_pipeline - INFO - Answering question: Which family of drugs does gravol belong to?
2025-10-29 18:46:51,205 - rag_pipeline - INFO - Question type detection - Contra: False, MOA: False, Indication: False, Dosage: False, Side effects: False, Interactions: False, Storage: False, General: False
2025-10-29 18:58:50,558 - src.medical_rag_system - INFO - Initializing Medical RAG System
2025-10-29 18:58:51,029 - embedding_manager - INFO - Loading PubMedBERT model: microsoft/BiomedNLP-PubMedBERT-base-uncased-abstract-fulltext
2025-10-29 18:58:53,584 - embedding_manager - INFO - Loaded FAISS index with 5354 vectors
2025-10-29 18:58:57,642 - elastic_transport.transport - INFO - GET http://localhost:9200/ [status:N/A duration:4.054s]
2025-10-29 18:58:57,642 - elastic_transport.node_pool - WARNING - Node <Urllib3HttpNode(http://localhost:9200)> has failed for 1 times in a row, putting on 1 second timeout
2025-10-29 18:58:57,642 - elastic_transport.transport - WARNING - Retrying request after failure (attempt 0 of 3)
Traceback (most recent call last):
  File "C:\Users\sanji\AppData\Roaming\Python\Python311\site-packages\urllib3\connection.py", line 203, in _new_conn
    sock = connection.create_connection(
           ^^^^^^^^^^^^^^^^^^^^^^^^^^^^^
  File "C:\Users\sanji\AppData\Roaming\Python\Python311\site-packages\urllib3\util\connection.py", line 85, in create_connection
    raise err
  File "C:\Users\sanji\AppData\Roaming\Python\Python311\site-packages\urllib3\util\connection.py", line 73, in create_connection
    sock.connect(sa)
ConnectionRefusedError: [WinError 10061] No connection could be made because the target machine actively refused it

The above exception was the direct cause of the following exception:

Traceback (most recent call last):
  File "C:\Users\sanji\AppData\Roaming\Python\Python311\site-packages\elastic_transport\_node\_http_urllib3.py", line 167, in perform_request
    response = self.pool.urlopen(
               ^^^^^^^^^^^^^^^^^^
  File "C:\Users\sanji\AppData\Roaming\Python\Python311\site-packages\urllib3\connectionpool.py", line 844, in urlopen
    retries = retries.increment(
              ^^^^^^^^^^^^^^^^^^
  File "C:\Users\sanji\AppData\Roaming\Python\Python311\site-packages\urllib3\util\retry.py", line 445, in increment
    raise reraise(type(error), error, _stacktrace)
          ^^^^^^^^^^^^^^^^^^^^^^^^^^^^^^^^^^^^^^^^
  File "C:\Users\sanji\AppData\Roaming\Python\Python311\site-packages\urllib3\util\util.py", line 39, in reraise
    raise value
  File "C:\Users\sanji\AppData\Roaming\Python\Python311\site-packages\urllib3\connectionpool.py", line 790, in urlopen
    response = self._make_request(
               ^^^^^^^^^^^^^^^^^^^
  File "C:\Users\sanji\AppData\Roaming\Python\Python311\site-packages\urllib3\connectionpool.py", line 496, in _make_request
    conn.request(
  File "C:\Users\sanji\AppData\Roaming\Python\Python311\site-packages\urllib3\connection.py", line 395, in request
    self.endheaders()
  File "C:\ProgramData\anaconda3\Lib\http\client.py", line 1298, in endheaders
    self._send_output(message_body, encode_chunked=encode_chunked)
  File "C:\ProgramData\anaconda3\Lib\http\client.py", line 1058, in _send_output
    self.send(msg)
  File "C:\ProgramData\anaconda3\Lib\http\client.py", line 996, in send
    self.connect()
  File "C:\Users\sanji\AppData\Roaming\Python\Python311\site-packages\urllib3\connection.py", line 243, in connect
    self.sock = self._new_conn()
                ^^^^^^^^^^^^^^^^
  File "C:\Users\sanji\AppData\Roaming\Python\Python311\site-packages\urllib3\connection.py", line 218, in _new_conn
    raise NewConnectionError(
urllib3.exceptions.NewConnectionError: <urllib3.connection.HTTPConnection object at 0x000002640B4A4C10>: Failed to establish a new connection: [WinError 10061] No connection could be made because the target machine actively refused it

The above exception was the direct cause of the following exception:

Traceback (most recent call last):
  File "C:\Users\sanji\AppData\Roaming\Python\Python311\site-packages\elastic_transport\_transport.py", line 342, in perform_request
    resp = node.perform_request(
           ^^^^^^^^^^^^^^^^^^^^^
  File "C:\Users\sanji\AppData\Roaming\Python\Python311\site-packages\elastic_transport\_node\_http_urllib3.py", line 202, in perform_request
    raise err from e
elastic_transport.ConnectionError: Connection error caused by: NewConnectionError(<urllib3.connection.HTTPConnection object at 0x000002640B4A4C10>: Failed to establish a new connection: [WinError 10061] No connection could be made because the target machine actively refused it)
2025-10-29 18:59:01,860 - elastic_transport.transport - INFO - GET http://localhost:9200/ [status:N/A duration:4.059s]
2025-10-29 18:59:01,860 - elastic_transport.node_pool - WARNING - Node <Urllib3HttpNode(http://localhost:9200)> has failed for 2 times in a row, putting on 2 second timeout
2025-10-29 18:59:01,860 - elastic_transport.transport - WARNING - Retrying request after failure (attempt 1 of 3)
Traceback (most recent call last):
  File "C:\Users\sanji\AppData\Roaming\Python\Python311\site-packages\urllib3\connection.py", line 203, in _new_conn
    sock = connection.create_connection(
           ^^^^^^^^^^^^^^^^^^^^^^^^^^^^^
  File "C:\Users\sanji\AppData\Roaming\Python\Python311\site-packages\urllib3\util\connection.py", line 85, in create_connection
    raise err
  File "C:\Users\sanji\AppData\Roaming\Python\Python311\site-packages\urllib3\util\connection.py", line 73, in create_connection
    sock.connect(sa)
ConnectionRefusedError: [WinError 10061] No connection could be made because the target machine actively refused it

The above exception was the direct cause of the following exception:

Traceback (most recent call last):
  File "C:\Users\sanji\AppData\Roaming\Python\Python311\site-packages\elastic_transport\_node\_http_urllib3.py", line 167, in perform_request
    response = self.pool.urlopen(
               ^^^^^^^^^^^^^^^^^^
  File "C:\Users\sanji\AppData\Roaming\Python\Python311\site-packages\urllib3\connectionpool.py", line 844, in urlopen
    retries = retries.increment(
              ^^^^^^^^^^^^^^^^^^
  File "C:\Users\sanji\AppData\Roaming\Python\Python311\site-packages\urllib3\util\retry.py", line 445, in increment
    raise reraise(type(error), error, _stacktrace)
          ^^^^^^^^^^^^^^^^^^^^^^^^^^^^^^^^^^^^^^^^
  File "C:\Users\sanji\AppData\Roaming\Python\Python311\site-packages\urllib3\util\util.py", line 39, in reraise
    raise value
  File "C:\Users\sanji\AppData\Roaming\Python\Python311\site-packages\urllib3\connectionpool.py", line 790, in urlopen
    response = self._make_request(
               ^^^^^^^^^^^^^^^^^^^
  File "C:\Users\sanji\AppData\Roaming\Python\Python311\site-packages\urllib3\connectionpool.py", line 496, in _make_request
    conn.request(
  File "C:\Users\sanji\AppData\Roaming\Python\Python311\site-packages\urllib3\connection.py", line 395, in request
    self.endheaders()
  File "C:\ProgramData\anaconda3\Lib\http\client.py", line 1298, in endheaders
    self._send_output(message_body, encode_chunked=encode_chunked)
  File "C:\ProgramData\anaconda3\Lib\http\client.py", line 1058, in _send_output
    self.send(msg)
  File "C:\ProgramData\anaconda3\Lib\http\client.py", line 996, in send
    self.connect()
  File "C:\Users\sanji\AppData\Roaming\Python\Python311\site-packages\urllib3\connection.py", line 243, in connect
    self.sock = self._new_conn()
                ^^^^^^^^^^^^^^^^
  File "C:\Users\sanji\AppData\Roaming\Python\Python311\site-packages\urllib3\connection.py", line 218, in _new_conn
    raise NewConnectionError(
urllib3.exceptions.NewConnectionError: <urllib3.connection.HTTPConnection object at 0x000002640B508290>: Failed to establish a new connection: [WinError 10061] No connection could be made because the target machine actively refused it

The above exception was the direct cause of the following exception:

Traceback (most recent call last):
  File "C:\Users\sanji\AppData\Roaming\Python\Python311\site-packages\elastic_transport\_transport.py", line 342, in perform_request
    resp = node.perform_request(
           ^^^^^^^^^^^^^^^^^^^^^
  File "C:\Users\sanji\AppData\Roaming\Python\Python311\site-packages\elastic_transport\_node\_http_urllib3.py", line 202, in perform_request
    raise err from e
elastic_transport.ConnectionError: Connection error caused by: NewConnectionError(<urllib3.connection.HTTPConnection object at 0x000002640B508290>: Failed to establish a new connection: [WinError 10061] No connection could be made because the target machine actively refused it)
2025-10-29 18:59:01,860 - elastic_transport.node_pool - INFO - Resurrected node <Urllib3HttpNode(http://localhost:9200)> (force=False)
2025-10-29 18:59:05,906 - elastic_transport.transport - INFO - GET http://localhost:9200/ [status:N/A duration:4.045s]
2025-10-29 18:59:05,907 - elastic_transport.node_pool - WARNING - Node <Urllib3HttpNode(http://localhost:9200)> has failed for 3 times in a row, putting on 4 second timeout
2025-10-29 18:59:05,907 - elastic_transport.transport - WARNING - Retrying request after failure (attempt 2 of 3)
Traceback (most recent call last):
  File "C:\Users\sanji\AppData\Roaming\Python\Python311\site-packages\urllib3\connection.py", line 203, in _new_conn
    sock = connection.create_connection(
           ^^^^^^^^^^^^^^^^^^^^^^^^^^^^^
  File "C:\Users\sanji\AppData\Roaming\Python\Python311\site-packages\urllib3\util\connection.py", line 85, in create_connection
    raise err
  File "C:\Users\sanji\AppData\Roaming\Python\Python311\site-packages\urllib3\util\connection.py", line 73, in create_connection
    sock.connect(sa)
ConnectionRefusedError: [WinError 10061] No connection could be made because the target machine actively refused it

The above exception was the direct cause of the following exception:

Traceback (most recent call last):
  File "C:\Users\sanji\AppData\Roaming\Python\Python311\site-packages\elastic_transport\_node\_http_urllib3.py", line 167, in perform_request
    response = self.pool.urlopen(
               ^^^^^^^^^^^^^^^^^^
  File "C:\Users\sanji\AppData\Roaming\Python\Python311\site-packages\urllib3\connectionpool.py", line 844, in urlopen
    retries = retries.increment(
              ^^^^^^^^^^^^^^^^^^
  File "C:\Users\sanji\AppData\Roaming\Python\Python311\site-packages\urllib3\util\retry.py", line 445, in increment
    raise reraise(type(error), error, _stacktrace)
          ^^^^^^^^^^^^^^^^^^^^^^^^^^^^^^^^^^^^^^^^
  File "C:\Users\sanji\AppData\Roaming\Python\Python311\site-packages\urllib3\util\util.py", line 39, in reraise
    raise value
  File "C:\Users\sanji\AppData\Roaming\Python\Python311\site-packages\urllib3\connectionpool.py", line 790, in urlopen
    response = self._make_request(
               ^^^^^^^^^^^^^^^^^^^
  File "C:\Users\sanji\AppData\Roaming\Python\Python311\site-packages\urllib3\connectionpool.py", line 496, in _make_request
    conn.request(
  File "C:\Users\sanji\AppData\Roaming\Python\Python311\site-packages\urllib3\connection.py", line 395, in request
    self.endheaders()
  File "C:\ProgramData\anaconda3\Lib\http\client.py", line 1298, in endheaders
    self._send_output(message_body, encode_chunked=encode_chunked)
  File "C:\ProgramData\anaconda3\Lib\http\client.py", line 1058, in _send_output
    self.send(msg)
  File "C:\ProgramData\anaconda3\Lib\http\client.py", line 996, in send
    self.connect()
  File "C:\Users\sanji\AppData\Roaming\Python\Python311\site-packages\urllib3\connection.py", line 243, in connect
    self.sock = self._new_conn()
                ^^^^^^^^^^^^^^^^
  File "C:\Users\sanji\AppData\Roaming\Python\Python311\site-packages\urllib3\connection.py", line 218, in _new_conn
    raise NewConnectionError(
urllib3.exceptions.NewConnectionError: <urllib3.connection.HTTPConnection object at 0x000002640B508F50>: Failed to establish a new connection: [WinError 10061] No connection could be made because the target machine actively refused it

The above exception was the direct cause of the following exception:

Traceback (most recent call last):
  File "C:\Users\sanji\AppData\Roaming\Python\Python311\site-packages\elastic_transport\_transport.py", line 342, in perform_request
    resp = node.perform_request(
           ^^^^^^^^^^^^^^^^^^^^^
  File "C:\Users\sanji\AppData\Roaming\Python\Python311\site-packages\elastic_transport\_node\_http_urllib3.py", line 202, in perform_request
    raise err from e
elastic_transport.ConnectionError: Connection error caused by: NewConnectionError(<urllib3.connection.HTTPConnection object at 0x000002640B508F50>: Failed to establish a new connection: [WinError 10061] No connection could be made because the target machine actively refused it)
2025-10-29 18:59:05,910 - elastic_transport.node_pool - INFO - Resurrected node <Urllib3HttpNode(http://localhost:9200)> (force=False)
2025-10-29 18:59:09,975 - elastic_transport.transport - INFO - GET http://localhost:9200/ [status:N/A duration:4.065s]
2025-10-29 18:59:09,975 - elastic_transport.node_pool - WARNING - Node <Urllib3HttpNode(http://localhost:9200)> has failed for 4 times in a row, putting on 8 second timeout
2025-10-29 18:59:09,975 - elasticsearch_manager - ERROR - ElasticSearch connection test failed: Connection error caused by: ConnectionError(Connection error caused by: NewConnectionError(<urllib3.connection.HTTPConnection object at 0x000002640B4A4C10>: Failed to establish a new connection: [WinError 10061] No connection could be made because the target machine actively refused it))
2025-10-29 18:59:09,975 - elasticsearch_manager - INFO - Connected to ElasticSearch at localhost:9200
2025-10-29 18:59:09,975 - rag_pipeline - INFO - Loading PubMedBERT model: microsoft/BiomedNLP-PubMedBERT-base-uncased-abstract-fulltext
2025-10-29 18:59:12,102 - rag_pipeline - INFO - PubMedBERT model loaded successfully
2025-10-29 18:59:12,102 - rag_pipeline - INFO - Loading QA model: ktrapeznikov/biobert_v1.1_pubmed_squad_v2
2025-10-29 18:59:12,994 - rag_pipeline - INFO - QA model loaded successfully
2025-10-29 18:59:12,994 - src.medical_rag_system - INFO - Medical RAG System initialized successfully
2025-10-29 18:59:12,994 - src.medical_rag_system - INFO - Answering question: Which family of drugs does gravol belong to?
2025-10-29 18:59:12,994 - src.medical_rag_system - INFO - Searching for: Which family of drugs does gravol belong to?
2025-10-29 18:59:12,994 - embedding_manager - INFO - Generating embeddings for 1 texts
2025-10-29 18:59:13,397 - elasticsearch_manager - ERROR - ElasticSearch client not available
2025-10-29 18:59:13,397 - elasticsearch_manager - ERROR - ElasticSearch client not available
2025-10-29 18:59:13,397 - rag_pipeline - INFO - Answering question: Which family of drugs does gravol belong to?
2025-10-29 18:59:13,401 - rag_pipeline - INFO - Question type detection - Contra: False, MOA: False, Indication: False, Dosage: False, Side effects: False, Interactions: False, Storage: False, General: False
2025-10-29 19:06:50,345 - src.medical_rag_system - INFO - Initializing Medical RAG System
2025-10-29 19:06:50,788 - embedding_manager - INFO - Loading PubMedBERT model: microsoft/BiomedNLP-PubMedBERT-base-uncased-abstract-fulltext
2025-10-29 19:06:53,108 - embedding_manager - INFO - Loaded FAISS index with 5354 vectors
2025-10-29 19:06:53,230 - elastic_transport.transport - INFO - GET http://localhost:9200/ [status:200 duration:0.123s]
2025-10-29 19:06:53,231 - elasticsearch_manager - INFO - ElasticSearch cluster: docker-cluster
2025-10-29 19:06:53,231 - elasticsearch_manager - INFO - Connected to ElasticSearch at localhost:9200
2025-10-29 19:06:53,231 - rag_pipeline - INFO - Loading PubMedBERT model: microsoft/BiomedNLP-PubMedBERT-base-uncased-abstract-fulltext
2025-10-29 19:06:55,563 - rag_pipeline - INFO - PubMedBERT model loaded successfully
2025-10-29 19:06:55,564 - rag_pipeline - INFO - Loading QA model: ktrapeznikov/biobert_v1.1_pubmed_squad_v2
2025-10-29 19:06:56,543 - rag_pipeline - INFO - QA model loaded successfully
2025-10-29 19:06:56,543 - src.medical_rag_system - INFO - Medical RAG System initialized successfully
2025-10-29 19:06:56,543 - src.medical_rag_system - INFO - Answering question: Which family of drugs does gravol belong to?
2025-10-29 19:06:56,543 - src.medical_rag_system - INFO - Searching for: Which family of drugs does gravol belong to?
2025-10-29 19:06:56,543 - embedding_manager - INFO - Generating embeddings for 1 texts
2025-10-29 19:06:57,604 - elastic_transport.transport - INFO - POST http://localhost:9200/medical_documents/_search [status:200 duration:0.577s]
2025-10-29 19:06:57,604 - elasticsearch_manager - INFO - Found 20 results for query: Which family of drugs does gravol belong to?
2025-10-29 19:06:57,758 - elastic_transport.transport - INFO - POST http://localhost:9200/medical_documents/_search [status:200 duration:0.154s]
2025-10-29 19:06:57,758 - elasticsearch_manager - INFO - Found 10 results for query: Which family of drugs does gravol belong to?
2025-10-29 19:06:57,760 - rag_pipeline - INFO - Answering question: Which family of drugs does gravol belong to?
2025-10-29 19:06:57,762 - rag_pipeline - INFO - Question type detection - Contra: False, MOA: False, Indication: False, Dosage: False, Side effects: False, Interactions: False, Storage: False, General: False
2025-10-29 19:17:27,656 - src.medical_rag_system - INFO - Initializing Medical RAG System
2025-10-29 19:17:28,144 - embedding_manager - INFO - Loading PubMedBERT model: microsoft/BiomedNLP-PubMedBERT-base-uncased-abstract-fulltext
2025-10-29 19:17:30,371 - embedding_manager - INFO - Loaded FAISS index with 5354 vectors
2025-10-29 19:17:30,392 - elastic_transport.transport - INFO - GET http://localhost:9200/ [status:200 duration:0.020s]
2025-10-29 19:17:30,393 - elasticsearch_manager - INFO - ElasticSearch cluster: docker-cluster
2025-10-29 19:17:30,393 - elasticsearch_manager - INFO - Connected to ElasticSearch at localhost:9200
2025-10-29 19:17:30,393 - rag_pipeline - INFO - Loading PubMedBERT model: microsoft/BiomedNLP-PubMedBERT-base-uncased-abstract-fulltext
2025-10-29 19:17:32,526 - rag_pipeline - INFO - PubMedBERT model loaded successfully
2025-10-29 19:17:32,527 - rag_pipeline - INFO - Loading QA model: ktrapeznikov/biobert_v1.1_pubmed_squad_v2
2025-10-29 19:17:33,761 - rag_pipeline - INFO - QA model loaded successfully
2025-10-29 19:17:33,762 - src.medical_rag_system - INFO - Medical RAG System initialized successfully
2025-10-29 19:17:33,762 - src.medical_rag_system - INFO - Answering question: Which family of drugs does gravol belong to?
2025-10-29 19:17:33,762 - src.medical_rag_system - INFO - Searching for: Which family of drugs does gravol belong to?
2025-10-29 19:17:33,762 - embedding_manager - INFO - Generating embeddings for 1 texts
2025-10-29 19:17:34,569 - elastic_transport.transport - INFO - POST http://localhost:9200/medical_documents/_search [status:200 duration:0.328s]
2025-10-29 19:17:34,571 - elasticsearch_manager - INFO - Found 20 results for query: Which family of drugs does gravol belong to?
2025-10-29 19:17:34,705 - elastic_transport.transport - INFO - POST http://localhost:9200/medical_documents/_search [status:200 duration:0.133s]
2025-10-29 19:17:34,706 - elasticsearch_manager - INFO - Found 10 results for query: Which family of drugs does gravol belong to?
2025-10-29 19:17:34,706 - rag_pipeline - INFO - Answering question: Which family of drugs does gravol belong to?
2025-10-29 19:17:34,710 - rag_pipeline - INFO - Question type detection - Contra: False, MOA: False, Indication: False, Class: True, Dosage: False, Side effects: False, Interactions: False, Storage: False, General: False
2025-10-29 20:39:48,816 - src.medical_rag_system - INFO - Initializing Medical RAG System
2025-10-29 20:39:49,260 - embedding_manager - INFO - Loading PubMedBERT model: microsoft/BiomedNLP-PubMedBERT-base-uncased-abstract-fulltext
2025-10-29 20:39:51,402 - embedding_manager - INFO - Loaded FAISS index with 5354 vectors
2025-10-29 20:39:51,418 - elastic_transport.transport - INFO - GET http://localhost:9200/ [status:200 duration:0.016s]
2025-10-29 20:39:51,418 - elasticsearch_manager - INFO - ElasticSearch cluster: docker-cluster
2025-10-29 20:39:51,418 - elasticsearch_manager - INFO - Connected to ElasticSearch at localhost:9200
2025-10-29 20:39:51,418 - rag_pipeline - INFO - Loading PubMedBERT model: microsoft/BiomedNLP-PubMedBERT-base-uncased-abstract-fulltext
2025-10-29 20:39:53,715 - rag_pipeline - INFO - PubMedBERT model loaded successfully
2025-10-29 20:39:53,715 - rag_pipeline - INFO - Loading QA model: ktrapeznikov/biobert_v1.1_pubmed_squad_v2
2025-10-29 20:39:54,830 - rag_pipeline - INFO - QA model loaded successfully
2025-10-29 20:39:54,831 - src.medical_rag_system - INFO - Medical RAG System initialized successfully
2025-10-29 20:39:54,831 - src.medical_rag_system - INFO - Answering question: What is the maximum safe dose of XYLOCAINE Jelly for urethral use in adults?
2025-10-29 20:39:54,831 - src.medical_rag_system - INFO - Searching for: What is the maximum safe dose of XYLOCAINE Jelly for urethral use in adults?
2025-10-29 20:39:54,832 - embedding_manager - INFO - Generating embeddings for 1 texts
2025-10-29 20:39:55,649 - elastic_transport.transport - INFO - POST http://localhost:9200/medical_documents/_search [status:200 duration:0.417s]
2025-10-29 20:39:55,649 - elasticsearch_manager - INFO - Found 20 results for query: What is the maximum safe dose of XYLOCAINE Jelly for urethral use in adults?
2025-10-29 20:39:55,867 - elastic_transport.transport - INFO - POST http://localhost:9200/medical_documents/_search [status:200 duration:0.218s]
2025-10-29 20:39:55,868 - elasticsearch_manager - INFO - Found 10 results for query: What is the maximum safe dose of XYLOCAINE Jelly for urethral use in adults?
2025-10-29 20:39:55,869 - rag_pipeline - INFO - Answering question: What is the maximum safe dose of XYLOCAINE Jelly for urethral use in adults?
2025-10-29 20:39:55,869 - rag_pipeline - INFO - Question type detection - Contra: False, MOA: False, Indication: False, Dosage: True, Side effects: False, Interactions: False, Storage: False, General: False
2025-10-29 20:40:44,742 - src.medical_rag_system - INFO - Initializing Medical RAG System
2025-10-29 20:40:45,194 - embedding_manager - INFO - Loading PubMedBERT model: microsoft/BiomedNLP-PubMedBERT-base-uncased-abstract-fulltext
2025-10-29 20:40:47,285 - embedding_manager - INFO - Loaded FAISS index with 5354 vectors
2025-10-29 20:40:47,302 - elastic_transport.transport - INFO - GET http://localhost:9200/ [status:200 duration:0.017s]
2025-10-29 20:40:47,302 - elasticsearch_manager - INFO - ElasticSearch cluster: docker-cluster
2025-10-29 20:40:47,302 - elasticsearch_manager - INFO - Connected to ElasticSearch at localhost:9200
2025-10-29 20:40:47,302 - rag_pipeline - INFO - Loading PubMedBERT model: microsoft/BiomedNLP-PubMedBERT-base-uncased-abstract-fulltext
2025-10-29 20:40:49,324 - rag_pipeline - INFO - PubMedBERT model loaded successfully
2025-10-29 20:40:49,325 - rag_pipeline - INFO - Loading QA model: ktrapeznikov/biobert_v1.1_pubmed_squad_v2
2025-10-29 20:40:50,213 - rag_pipeline - INFO - QA model loaded successfully
2025-10-29 20:40:50,213 - src.medical_rag_system - INFO - Medical RAG System initialized successfully
2025-10-29 20:40:50,213 - src.medical_rag_system - INFO - Answering question: What type of drug is XYLOCAINE Ointment 5%?
2025-10-29 20:40:50,213 - src.medical_rag_system - INFO - Searching for: What type of drug is XYLOCAINE Ointment 5%?
2025-10-29 20:40:50,213 - embedding_manager - INFO - Generating embeddings for 1 texts
2025-10-29 20:40:50,816 - elastic_transport.transport - INFO - POST http://localhost:9200/medical_documents/_search [status:200 duration:0.253s]
2025-10-29 20:40:50,816 - elasticsearch_manager - INFO - Found 20 results for query: What type of drug is XYLOCAINE Ointment 5%?
2025-10-29 20:40:50,971 - elastic_transport.transport - INFO - POST http://localhost:9200/medical_documents/_search [status:200 duration:0.155s]
2025-10-29 20:40:50,971 - elasticsearch_manager - INFO - Found 10 results for query: What type of drug is XYLOCAINE Ointment 5%?
2025-10-29 20:40:50,971 - rag_pipeline - INFO - Answering question: What type of drug is XYLOCAINE Ointment 5%?
2025-10-29 20:40:50,977 - rag_pipeline - INFO - Question type detection - Contra: False, MOA: False, Indication: False, Dosage: False, Side effects: False, Interactions: False, Storage: False, General: False
2025-10-29 20:51:37,856 - src.medical_rag_system - INFO - Initializing Medical RAG System
2025-10-29 20:51:38,571 - embedding_manager - INFO - Loading PubMedBERT model: microsoft/BiomedNLP-PubMedBERT-base-uncased-abstract-fulltext
2025-10-29 20:51:42,597 - embedding_manager - INFO - Loaded FAISS index with 5354 vectors
2025-10-29 20:51:42,614 - elastic_transport.transport - INFO - GET http://localhost:9200/ [status:200 duration:0.015s]
2025-10-29 20:51:42,615 - elasticsearch_manager - INFO - ElasticSearch cluster: docker-cluster
2025-10-29 20:51:42,615 - elasticsearch_manager - INFO - Connected to ElasticSearch at localhost:9200
2025-10-29 20:51:42,616 - rag_pipeline - INFO - Loading PubMedBERT model: microsoft/BiomedNLP-PubMedBERT-base-uncased-abstract-fulltext
2025-10-29 20:51:44,974 - rag_pipeline - INFO - PubMedBERT model loaded successfully
2025-10-29 20:51:44,974 - rag_pipeline - INFO - Loading QA model: ktrapeznikov/biobert_v1.1_pubmed_squad_v2
2025-10-29 20:51:46,593 - rag_pipeline - INFO - QA model loaded successfully
2025-10-29 20:51:46,593 - src.medical_rag_system - INFO - Medical RAG System initialized successfully
2025-10-29 20:51:46,594 - src.medical_rag_system - INFO - Answering question: What type of drug is XYLOCAINE Ointment 5%?
2025-10-29 20:51:46,594 - src.medical_rag_system - INFO - Searching for: What type of drug is XYLOCAINE Ointment 5%?
2025-10-29 20:51:46,594 - embedding_manager - INFO - Generating embeddings for 1 texts
2025-10-29 20:51:47,484 - elastic_transport.transport - INFO - POST http://localhost:9200/medical_documents/_search [status:200 duration:0.270s]
2025-10-29 20:51:47,484 - elasticsearch_manager - INFO - Found 20 results for query: What type of drug is XYLOCAINE Ointment 5%?
2025-10-29 20:51:47,617 - elastic_transport.transport - INFO - POST http://localhost:9200/medical_documents/_search [status:200 duration:0.131s]
2025-10-29 20:51:47,619 - elasticsearch_manager - INFO - Found 10 results for query: What type of drug is XYLOCAINE Ointment 5%?
2025-10-29 20:51:47,619 - rag_pipeline - INFO - Answering question: What type of drug is XYLOCAINE Ointment 5%?
2025-10-29 20:51:47,623 - rag_pipeline - INFO - Question type detection - Contra: False, MOA: False, Indication: False, Dosage: False, Side effects: False, Interactions: False, Storage: False, General: False
2025-10-29 20:52:36,941 - src.medical_rag_system - INFO - Initializing Medical RAG System
2025-10-29 20:52:37,542 - embedding_manager - INFO - Loading PubMedBERT model: microsoft/BiomedNLP-PubMedBERT-base-uncased-abstract-fulltext
2025-10-29 20:52:40,429 - embedding_manager - INFO - Loaded FAISS index with 5354 vectors
2025-10-29 20:52:40,451 - elastic_transport.transport - INFO - GET http://localhost:9200/ [status:200 duration:0.021s]
2025-10-29 20:52:40,451 - elasticsearch_manager - INFO - ElasticSearch cluster: docker-cluster
2025-10-29 20:52:40,452 - elasticsearch_manager - INFO - Connected to ElasticSearch at localhost:9200
2025-10-29 20:52:40,452 - rag_pipeline - INFO - Loading PubMedBERT model: microsoft/BiomedNLP-PubMedBERT-base-uncased-abstract-fulltext
2025-10-29 20:52:42,476 - rag_pipeline - INFO - PubMedBERT model loaded successfully
2025-10-29 20:52:42,476 - rag_pipeline - INFO - Loading QA model: ktrapeznikov/biobert_v1.1_pubmed_squad_v2
2025-10-29 20:52:43,681 - rag_pipeline - INFO - QA model loaded successfully
2025-10-29 20:52:43,681 - src.medical_rag_system - INFO - Medical RAG System initialized successfully
2025-10-29 20:52:43,681 - src.medical_rag_system - INFO - Answering question: What is the maximum safe dose of XYLOCAINE Jelly for urethral use in adults?
2025-10-29 20:52:43,681 - src.medical_rag_system - INFO - Searching for: What is the maximum safe dose of XYLOCAINE Jelly for urethral use in adults?
2025-10-29 20:52:43,681 - embedding_manager - INFO - Generating embeddings for 1 texts
2025-10-29 20:52:44,818 - elastic_transport.transport - INFO - POST http://localhost:9200/medical_documents/_search [status:200 duration:0.398s]
2025-10-29 20:52:44,818 - elasticsearch_manager - INFO - Found 20 results for query: What is the maximum safe dose of XYLOCAINE Jelly for urethral use in adults?
2025-10-29 20:52:44,987 - elastic_transport.transport - INFO - POST http://localhost:9200/medical_documents/_search [status:200 duration:0.169s]
2025-10-29 20:52:44,987 - elasticsearch_manager - INFO - Found 10 results for query: What is the maximum safe dose of XYLOCAINE Jelly for urethral use in adults?
2025-10-29 20:52:44,987 - rag_pipeline - INFO - Answering question: What is the maximum safe dose of XYLOCAINE Jelly for urethral use in adults?
2025-10-29 20:52:44,992 - rag_pipeline - INFO - Question type detection - Contra: False, MOA: False, Indication: False, Dosage: True, Side effects: False, Interactions: False, Storage: False, General: False
2025-10-29 20:54:00,687 - src.medical_rag_system - INFO - Initializing Medical RAG System
2025-10-29 20:54:01,160 - embedding_manager - INFO - Loading PubMedBERT model: microsoft/BiomedNLP-PubMedBERT-base-uncased-abstract-fulltext
2025-10-29 20:54:03,590 - embedding_manager - INFO - Loaded FAISS index with 5354 vectors
2025-10-29 20:54:03,602 - elastic_transport.transport - INFO - GET http://localhost:9200/ [status:200 duration:0.012s]
2025-10-29 20:54:03,602 - elasticsearch_manager - INFO - ElasticSearch cluster: docker-cluster
2025-10-29 20:54:03,602 - elasticsearch_manager - INFO - Connected to ElasticSearch at localhost:9200
2025-10-29 20:54:03,603 - rag_pipeline - INFO - Loading PubMedBERT model: microsoft/BiomedNLP-PubMedBERT-base-uncased-abstract-fulltext
2025-10-29 20:54:05,649 - rag_pipeline - INFO - PubMedBERT model loaded successfully
2025-10-29 20:54:05,649 - rag_pipeline - INFO - Loading QA model: ktrapeznikov/biobert_v1.1_pubmed_squad_v2
2025-10-29 20:54:06,530 - rag_pipeline - INFO - QA model loaded successfully
2025-10-29 20:54:06,530 - src.medical_rag_system - INFO - Medical RAG System initialized successfully
2025-10-29 20:54:06,530 - src.medical_rag_system - INFO - Answering question: What type of drug is XYLOCAINE Ointment 5%?
2025-10-29 20:54:06,530 - src.medical_rag_system - INFO - Searching for: What type of drug is XYLOCAINE Ointment 5%?
2025-10-29 20:54:06,530 - embedding_manager - INFO - Generating embeddings for 1 texts
2025-10-29 20:54:07,123 - elastic_transport.transport - INFO - POST http://localhost:9200/medical_documents/_search [status:200 duration:0.263s]
2025-10-29 20:54:07,123 - elasticsearch_manager - INFO - Found 20 results for query: What type of drug is XYLOCAINE Ointment 5%?
2025-10-29 20:54:07,248 - elastic_transport.transport - INFO - POST http://localhost:9200/medical_documents/_search [status:200 duration:0.122s]
2025-10-29 20:54:07,248 - elasticsearch_manager - INFO - Found 10 results for query: What type of drug is XYLOCAINE Ointment 5%?
2025-10-29 20:54:07,248 - rag_pipeline - INFO - Answering question: What type of drug is XYLOCAINE Ointment 5%?
2025-10-29 20:54:07,256 - rag_pipeline - INFO - Question type detection - Contra: False, MOA: False, Indication: False, Dosage: False, Side effects: False, Interactions: False, Storage: False, General: False
2025-10-29 20:54:35,676 - src.medical_rag_system - INFO - Initializing Medical RAG System
2025-10-29 20:54:36,101 - embedding_manager - INFO - Loading PubMedBERT model: microsoft/BiomedNLP-PubMedBERT-base-uncased-abstract-fulltext
2025-10-29 20:54:38,189 - embedding_manager - INFO - Loaded FAISS index with 5354 vectors
2025-10-29 20:54:38,200 - elastic_transport.transport - INFO - GET http://localhost:9200/ [status:200 duration:0.010s]
2025-10-29 20:54:38,200 - elasticsearch_manager - INFO - ElasticSearch cluster: docker-cluster
2025-10-29 20:54:38,200 - elasticsearch_manager - INFO - Connected to ElasticSearch at localhost:9200
2025-10-29 20:54:38,200 - rag_pipeline - INFO - Loading PubMedBERT model: microsoft/BiomedNLP-PubMedBERT-base-uncased-abstract-fulltext
2025-10-29 20:54:40,232 - rag_pipeline - INFO - PubMedBERT model loaded successfully
2025-10-29 20:54:40,232 - rag_pipeline - INFO - Loading QA model: ktrapeznikov/biobert_v1.1_pubmed_squad_v2
2025-10-29 20:54:41,076 - rag_pipeline - INFO - QA model loaded successfully
2025-10-29 20:54:41,076 - src.medical_rag_system - INFO - Medical RAG System initialized successfully
2025-10-29 20:54:41,076 - src.medical_rag_system - INFO - Answering question: How should the ointment be applied for sore nipples?
2025-10-29 20:54:41,076 - src.medical_rag_system - INFO - Searching for: How should the ointment be applied for sore nipples?
2025-10-29 20:54:41,076 - embedding_manager - INFO - Generating embeddings for 1 texts
2025-10-29 20:54:41,679 - elastic_transport.transport - INFO - POST http://localhost:9200/medical_documents/_search [status:200 duration:0.290s]
2025-10-29 20:54:41,679 - elasticsearch_manager - INFO - Found 20 results for query: How should the ointment be applied for sore nipples?
2025-10-29 20:54:41,840 - elastic_transport.transport - INFO - POST http://localhost:9200/medical_documents/_search [status:200 duration:0.161s]
2025-10-29 20:54:41,840 - elasticsearch_manager - INFO - Found 10 results for query: How should the ointment be applied for sore nipples?
2025-10-29 20:54:41,840 - rag_pipeline - INFO - Answering question: How should the ointment be applied for sore nipples?
2025-10-29 20:54:41,843 - rag_pipeline - INFO - Question type detection - Contra: False, MOA: False, Indication: False, Dosage: False, Side effects: False, Interactions: False, Storage: False, General: False
2025-10-29 20:55:31,786 - src.medical_rag_system - INFO - Initializing Medical RAG System
2025-10-29 20:55:32,202 - embedding_manager - INFO - Loading PubMedBERT model: microsoft/BiomedNLP-PubMedBERT-base-uncased-abstract-fulltext
2025-10-29 20:55:34,292 - embedding_manager - INFO - Loaded FAISS index with 5354 vectors
2025-10-29 20:55:34,313 - elastic_transport.transport - INFO - GET http://localhost:9200/ [status:200 duration:0.021s]
2025-10-29 20:55:34,313 - elasticsearch_manager - INFO - ElasticSearch cluster: docker-cluster
2025-10-29 20:55:34,313 - elasticsearch_manager - INFO - Connected to ElasticSearch at localhost:9200
2025-10-29 20:55:34,313 - rag_pipeline - INFO - Loading PubMedBERT model: microsoft/BiomedNLP-PubMedBERT-base-uncased-abstract-fulltext
2025-10-29 20:55:36,369 - rag_pipeline - INFO - PubMedBERT model loaded successfully
2025-10-29 20:55:36,369 - rag_pipeline - INFO - Loading QA model: ktrapeznikov/biobert_v1.1_pubmed_squad_v2
2025-10-29 20:55:37,214 - rag_pipeline - INFO - QA model loaded successfully
2025-10-29 20:55:37,214 - src.medical_rag_system - INFO - Medical RAG System initialized successfully
2025-10-29 20:55:37,215 - src.medical_rag_system - INFO - Answering question: Why should lidocaine be used cautiously in patients under 2 years of age?
2025-10-29 20:55:37,215 - src.medical_rag_system - INFO - Searching for: Why should lidocaine be used cautiously in patients under 2 years of age?
2025-10-29 20:55:37,215 - embedding_manager - INFO - Generating embeddings for 1 texts
2025-10-29 20:55:37,908 - elastic_transport.transport - INFO - POST http://localhost:9200/medical_documents/_search [status:200 duration:0.380s]
2025-10-29 20:55:37,908 - elasticsearch_manager - INFO - Found 20 results for query: Why should lidocaine be used cautiously in patients under 2 years of age?
2025-10-29 20:55:38,096 - elastic_transport.transport - INFO - POST http://localhost:9200/medical_documents/_search [status:200 duration:0.188s]
2025-10-29 20:55:38,096 - elasticsearch_manager - INFO - Found 10 results for query: Why should lidocaine be used cautiously in patients under 2 years of age?
2025-10-29 20:55:38,096 - rag_pipeline - INFO - Answering question: Why should lidocaine be used cautiously in patients under 2 years of age?
2025-10-29 20:55:38,102 - rag_pipeline - INFO - Question type detection - Contra: False, MOA: False, Indication: False, Dosage: False, Side effects: False, Interactions: False, Storage: False, General: False
2025-10-29 20:58:53,735 - src.medical_rag_system - INFO - Initializing Medical RAG System
2025-10-29 20:58:54,192 - embedding_manager - INFO - Loading PubMedBERT model: microsoft/BiomedNLP-PubMedBERT-base-uncased-abstract-fulltext
2025-10-29 20:58:56,810 - embedding_manager - INFO - Loaded FAISS index with 5354 vectors
2025-10-29 20:58:56,822 - elastic_transport.transport - INFO - GET http://localhost:9200/ [status:200 duration:0.012s]
2025-10-29 20:58:56,822 - elasticsearch_manager - INFO - ElasticSearch cluster: docker-cluster
2025-10-29 20:58:56,822 - elasticsearch_manager - INFO - Connected to ElasticSearch at localhost:9200
2025-10-29 20:58:56,822 - rag_pipeline - INFO - Loading PubMedBERT model: microsoft/BiomedNLP-PubMedBERT-base-uncased-abstract-fulltext
2025-10-29 20:58:59,065 - rag_pipeline - INFO - PubMedBERT model loaded successfully
2025-10-29 20:58:59,065 - rag_pipeline - INFO - Loading QA model: ktrapeznikov/biobert_v1.1_pubmed_squad_v2
2025-10-29 20:59:00,259 - rag_pipeline - INFO - QA model loaded successfully
2025-10-29 20:59:00,262 - src.medical_rag_system - INFO - Medical RAG System initialized successfully
2025-10-29 20:59:00,262 - src.medical_rag_system - INFO - Answering question: What are the signs of mild vs. severe methemoglobinemia?
2025-10-29 20:59:00,263 - src.medical_rag_system - INFO - Searching for: What are the signs of mild vs. severe methemoglobinemia?
2025-10-29 20:59:00,263 - embedding_manager - INFO - Generating embeddings for 1 texts
2025-10-29 20:59:03,921 - elastic_transport.transport - INFO - POST http://localhost:9200/medical_documents/_search [status:200 duration:0.400s]
2025-10-29 20:59:03,921 - elasticsearch_manager - INFO - Found 20 results for query: What are the signs of mild vs. severe methemoglobinemia?
2025-10-29 20:59:04,098 - elastic_transport.transport - INFO - POST http://localhost:9200/medical_documents/_search [status:200 duration:0.176s]
2025-10-29 20:59:04,098 - elasticsearch_manager - INFO - Found 10 results for query: What are the signs of mild vs. severe methemoglobinemia?
2025-10-29 20:59:04,098 - rag_pipeline - INFO - Answering question: What are the signs of mild vs. severe methemoglobinemia?
2025-10-29 20:59:04,102 - rag_pipeline - INFO - Question type detection - Contra: False, MOA: False, Indication: False, Dosage: False, Side effects: False, Interactions: False, Storage: False, General: False
2025-10-29 21:00:06,721 - src.medical_rag_system - INFO - Initializing Medical RAG System
2025-10-29 21:00:07,192 - embedding_manager - INFO - Loading PubMedBERT model: microsoft/BiomedNLP-PubMedBERT-base-uncased-abstract-fulltext
2025-10-29 21:00:09,495 - embedding_manager - INFO - Loaded FAISS index with 5354 vectors
2025-10-29 21:00:09,511 - elastic_transport.transport - INFO - GET http://localhost:9200/ [status:200 duration:0.017s]
2025-10-29 21:00:09,511 - elasticsearch_manager - INFO - ElasticSearch cluster: docker-cluster
2025-10-29 21:00:09,511 - elasticsearch_manager - INFO - Connected to ElasticSearch at localhost:9200
2025-10-29 21:00:09,511 - rag_pipeline - INFO - Loading PubMedBERT model: microsoft/BiomedNLP-PubMedBERT-base-uncased-abstract-fulltext
2025-10-29 21:00:11,955 - rag_pipeline - INFO - PubMedBERT model loaded successfully
2025-10-29 21:00:11,955 - rag_pipeline - INFO - Loading QA model: ktrapeznikov/biobert_v1.1_pubmed_squad_v2
2025-10-29 21:00:12,818 - rag_pipeline - INFO - QA model loaded successfully
2025-10-29 21:00:12,818 - src.medical_rag_system - INFO - Medical RAG System initialized successfully
2025-10-29 21:00:12,818 - src.medical_rag_system - INFO - Answering question: conditions under which the dosing interval must be increased to 8 hours
2025-10-29 21:00:12,818 - src.medical_rag_system - INFO - Searching for: conditions under which the dosing interval must be increased to 8 hours
2025-10-29 21:00:12,818 - embedding_manager - INFO - Generating embeddings for 1 texts
2025-10-29 21:00:13,499 - elastic_transport.transport - INFO - POST http://localhost:9200/medical_documents/_search [status:200 duration:0.361s]
2025-10-29 21:00:13,501 - elasticsearch_manager - INFO - Found 20 results for query: conditions under which the dosing interval must be increased to 8 hours
2025-10-29 21:00:13,671 - elastic_transport.transport - INFO - POST http://localhost:9200/medical_documents/_search [status:200 duration:0.170s]
2025-10-29 21:00:13,671 - elasticsearch_manager - INFO - Found 10 results for query: conditions under which the dosing interval must be increased to 8 hours
2025-10-29 21:00:13,672 - rag_pipeline - INFO - Answering question: conditions under which the dosing interval must be increased to 8 hours
2025-10-29 21:00:13,674 - rag_pipeline - INFO - Question type detection - Contra: False, MOA: False, Indication: False, Dosage: False, Side effects: False, Interactions: False, Storage: False, General: False
2025-10-29 21:01:05,292 - src.medical_rag_system - INFO - Initializing Medical RAG System
2025-10-29 21:01:05,722 - embedding_manager - INFO - Loading PubMedBERT model: microsoft/BiomedNLP-PubMedBERT-base-uncased-abstract-fulltext
2025-10-29 21:01:07,838 - embedding_manager - INFO - Loaded FAISS index with 5354 vectors
2025-10-29 21:01:07,847 - elastic_transport.transport - INFO - GET http://localhost:9200/ [status:200 duration:0.008s]
2025-10-29 21:01:07,852 - elasticsearch_manager - INFO - ElasticSearch cluster: docker-cluster
2025-10-29 21:01:07,852 - elasticsearch_manager - INFO - Connected to ElasticSearch at localhost:9200
2025-10-29 21:01:07,852 - rag_pipeline - INFO - Loading PubMedBERT model: microsoft/BiomedNLP-PubMedBERT-base-uncased-abstract-fulltext
2025-10-29 21:01:09,856 - rag_pipeline - INFO - PubMedBERT model loaded successfully
2025-10-29 21:01:09,856 - rag_pipeline - INFO - Loading QA model: ktrapeznikov/biobert_v1.1_pubmed_squad_v2
2025-10-29 21:01:10,740 - rag_pipeline - INFO - QA model loaded successfully
2025-10-29 21:01:10,740 - src.medical_rag_system - INFO - Medical RAG System initialized successfully
2025-10-29 21:01:10,742 - src.medical_rag_system - INFO - Answering question: What condition is AVENTYL indicated for?
2025-10-29 21:01:10,742 - src.medical_rag_system - INFO - Searching for: What condition is AVENTYL indicated for?
2025-10-29 21:01:10,742 - embedding_manager - INFO - Generating embeddings for 1 texts
2025-10-29 21:01:11,334 - elastic_transport.transport - INFO - POST http://localhost:9200/medical_documents/_search [status:200 duration:0.260s]
2025-10-29 21:01:11,336 - elasticsearch_manager - INFO - Found 20 results for query: What condition is AVENTYL indicated for?
2025-10-29 21:01:11,512 - elastic_transport.transport - INFO - POST http://localhost:9200/medical_documents/_search [status:200 duration:0.175s]
2025-10-29 21:01:11,513 - elasticsearch_manager - INFO - Found 10 results for query: What condition is AVENTYL indicated for?
2025-10-29 21:01:11,513 - rag_pipeline - INFO - Answering question: What condition is AVENTYL indicated for?
2025-10-29 21:01:11,515 - rag_pipeline - INFO - Question type detection - Contra: False, MOA: False, Indication: False, Dosage: False, Side effects: False, Interactions: False, Storage: False, General: False
2025-10-29 21:04:19,525 - src.medical_rag_system - INFO - Initializing Medical RAG System
2025-10-29 21:04:20,103 - embedding_manager - INFO - Loading PubMedBERT model: microsoft/BiomedNLP-PubMedBERT-base-uncased-abstract-fulltext
2025-10-29 21:04:23,084 - embedding_manager - INFO - Loaded FAISS index with 5354 vectors
2025-10-29 21:04:23,111 - elastic_transport.transport - INFO - GET http://localhost:9200/ [status:200 duration:0.025s]
2025-10-29 21:04:23,112 - elasticsearch_manager - INFO - ElasticSearch cluster: docker-cluster
2025-10-29 21:04:23,112 - elasticsearch_manager - INFO - Connected to ElasticSearch at localhost:9200
2025-10-29 21:04:23,112 - rag_pipeline - INFO - Loading PubMedBERT model: microsoft/BiomedNLP-PubMedBERT-base-uncased-abstract-fulltext
2025-10-29 21:04:25,376 - rag_pipeline - INFO - PubMedBERT model loaded successfully
2025-10-29 21:04:25,377 - rag_pipeline - INFO - Loading QA model: ktrapeznikov/biobert_v1.1_pubmed_squad_v2
2025-10-29 21:04:26,470 - rag_pipeline - INFO - QA model loaded successfully
2025-10-29 21:04:26,471 - src.medical_rag_system - INFO - Medical RAG System initialized successfully
2025-10-29 21:04:26,472 - src.medical_rag_system - INFO - Answering question: In what patient age group should reduced doses be given of XYLOCAINE Jelly?
2025-10-29 21:04:26,473 - src.medical_rag_system - INFO - Searching for: In what patient age group should reduced doses be given of XYLOCAINE Jelly?
2025-10-29 21:04:26,474 - embedding_manager - INFO - Generating embeddings for 1 texts
2025-10-29 21:04:27,411 - elastic_transport.transport - INFO - POST http://localhost:9200/medical_documents/_search [status:200 duration:0.386s]
2025-10-29 21:04:27,411 - elasticsearch_manager - INFO - Found 20 results for query: In what patient age group should reduced doses be given of XYLOCAINE Jelly?
2025-10-29 21:04:27,603 - elastic_transport.transport - INFO - POST http://localhost:9200/medical_documents/_search [status:200 duration:0.191s]
2025-10-29 21:04:27,603 - elasticsearch_manager - INFO - Found 10 results for query: In what patient age group should reduced doses be given of XYLOCAINE Jelly?
2025-10-29 21:04:27,605 - rag_pipeline - INFO - Answering question: In what patient age group should reduced doses be given of XYLOCAINE Jelly?
2025-10-29 21:04:27,607 - rag_pipeline - INFO - Question type detection - Contra: False, MOA: False, Indication: False, Dosage: True, Side effects: False, Interactions: False, Storage: False, General: False
2025-10-29 21:07:07,041 - src.medical_rag_system - INFO - Initializing Medical RAG System
2025-10-29 21:07:07,654 - embedding_manager - INFO - Loading PubMedBERT model: microsoft/BiomedNLP-PubMedBERT-base-uncased-abstract-fulltext
2025-10-29 21:07:10,860 - embedding_manager - INFO - Loaded FAISS index with 5354 vectors
2025-10-29 21:07:10,895 - elastic_transport.transport - INFO - GET http://localhost:9200/ [status:200 duration:0.032s]
2025-10-29 21:07:10,896 - elasticsearch_manager - INFO - ElasticSearch cluster: docker-cluster
2025-10-29 21:07:10,896 - elasticsearch_manager - INFO - Connected to ElasticSearch at localhost:9200
2025-10-29 21:07:10,896 - rag_pipeline - INFO - Loading PubMedBERT model: microsoft/BiomedNLP-PubMedBERT-base-uncased-abstract-fulltext
2025-10-29 21:07:13,563 - rag_pipeline - INFO - PubMedBERT model loaded successfully
2025-10-29 21:07:13,564 - rag_pipeline - INFO - Loading QA model: ktrapeznikov/biobert_v1.1_pubmed_squad_v2
2025-10-29 21:07:14,789 - rag_pipeline - INFO - QA model loaded successfully
2025-10-29 21:07:14,790 - src.medical_rag_system - INFO - Medical RAG System initialized successfully
2025-10-29 21:07:14,790 - src.medical_rag_system - INFO - Answering question: Why should lidocaine be used cautiously in patients under 2 years of age?
2025-10-29 21:07:14,790 - src.medical_rag_system - INFO - Searching for: Why should lidocaine be used cautiously in patients under 2 years of age?
2025-10-29 21:07:14,790 - embedding_manager - INFO - Generating embeddings for 1 texts
2025-10-29 21:07:16,082 - elastic_transport.transport - INFO - POST http://localhost:9200/medical_documents/_search [status:200 duration:0.434s]
2025-10-29 21:07:16,083 - elasticsearch_manager - INFO - Found 20 results for query: Why should lidocaine be used cautiously in patients under 2 years of age?
2025-10-29 21:07:16,364 - elastic_transport.transport - INFO - POST http://localhost:9200/medical_documents/_search [status:200 duration:0.279s]
2025-10-29 21:07:16,365 - elasticsearch_manager - INFO - Found 10 results for query: Why should lidocaine be used cautiously in patients under 2 years of age?
2025-10-29 21:07:16,365 - rag_pipeline - INFO - Answering question: Why should lidocaine be used cautiously in patients under 2 years of age?
2025-10-29 21:07:16,373 - rag_pipeline - INFO - Question type detection - Contra: False, MOA: False, Indication: False, Dosage: False, Side effects: False, Interactions: False, Storage: False, General: False
2025-10-29 21:08:12,208 - src.medical_rag_system - INFO - Initializing Medical RAG System
2025-10-29 21:08:12,868 - embedding_manager - INFO - Loading PubMedBERT model: microsoft/BiomedNLP-PubMedBERT-base-uncased-abstract-fulltext
2025-10-29 21:08:15,545 - embedding_manager - INFO - Loaded FAISS index with 5354 vectors
2025-10-29 21:08:15,574 - elastic_transport.transport - INFO - GET http://localhost:9200/ [status:200 duration:0.029s]
2025-10-29 21:08:15,574 - elasticsearch_manager - INFO - ElasticSearch cluster: docker-cluster
2025-10-29 21:08:15,574 - elasticsearch_manager - INFO - Connected to ElasticSearch at localhost:9200
2025-10-29 21:08:15,574 - rag_pipeline - INFO - Loading PubMedBERT model: microsoft/BiomedNLP-PubMedBERT-base-uncased-abstract-fulltext
2025-10-29 21:08:17,680 - rag_pipeline - INFO - PubMedBERT model loaded successfully
2025-10-29 21:08:17,682 - rag_pipeline - INFO - Loading QA model: ktrapeznikov/biobert_v1.1_pubmed_squad_v2
2025-10-29 21:08:18,630 - rag_pipeline - INFO - QA model loaded successfully
2025-10-29 21:08:18,630 - src.medical_rag_system - INFO - Medical RAG System initialized successfully
2025-10-29 21:08:18,630 - src.medical_rag_system - INFO - Answering question: Why should XYLOCAINE Ointment 5% (lidocaine) be used cautiously in patients under 2 years of age?
2025-10-29 21:08:18,631 - src.medical_rag_system - INFO - Searching for: Why should XYLOCAINE Ointment 5% (lidocaine) be used cautiously in patients under 2 years of age?
2025-10-29 21:08:18,631 - embedding_manager - INFO - Generating embeddings for 1 texts
2025-10-29 21:08:19,739 - elastic_transport.transport - INFO - POST http://localhost:9200/medical_documents/_search [status:200 duration:0.577s]
2025-10-29 21:08:19,740 - elasticsearch_manager - INFO - Found 20 results for query: Why should XYLOCAINE Ointment 5% (lidocaine) be used cautiously in patients under 2 years of age?
2025-10-29 21:08:20,063 - elastic_transport.transport - INFO - POST http://localhost:9200/medical_documents/_search [status:200 duration:0.323s]
2025-10-29 21:08:20,064 - elasticsearch_manager - INFO - Found 10 results for query: Why should XYLOCAINE Ointment 5% (lidocaine) be used cautiously in patients under 2 years of age?
2025-10-29 21:08:20,065 - rag_pipeline - INFO - Answering question: Why should XYLOCAINE Ointment 5% (lidocaine) be used cautiously in patients under 2 years of age?
2025-10-29 21:08:20,067 - rag_pipeline - INFO - Question type detection - Contra: False, MOA: False, Indication: False, Dosage: False, Side effects: False, Interactions: False, Storage: False, General: False
2025-10-29 21:09:20,122 - src.medical_rag_system - INFO - Initializing Medical RAG System
2025-10-29 21:09:20,649 - embedding_manager - INFO - Loading PubMedBERT model: microsoft/BiomedNLP-PubMedBERT-base-uncased-abstract-fulltext
2025-10-29 21:09:22,963 - embedding_manager - INFO - Loaded FAISS index with 5354 vectors
2025-10-29 21:09:22,995 - elastic_transport.transport - INFO - GET http://localhost:9200/ [status:200 duration:0.031s]
2025-10-29 21:09:22,996 - elasticsearch_manager - INFO - ElasticSearch cluster: docker-cluster
2025-10-29 21:09:22,996 - elasticsearch_manager - INFO - Connected to ElasticSearch at localhost:9200
2025-10-29 21:09:22,996 - rag_pipeline - INFO - Loading PubMedBERT model: microsoft/BiomedNLP-PubMedBERT-base-uncased-abstract-fulltext
2025-10-29 21:09:25,072 - rag_pipeline - INFO - PubMedBERT model loaded successfully
2025-10-29 21:09:25,074 - rag_pipeline - INFO - Loading QA model: ktrapeznikov/biobert_v1.1_pubmed_squad_v2
2025-10-29 21:09:25,996 - rag_pipeline - INFO - QA model loaded successfully
2025-10-29 21:09:25,997 - src.medical_rag_system - INFO - Medical RAG System initialized successfully
2025-10-29 21:09:25,998 - src.medical_rag_system - INFO - Answering question: What is its primary indication for XYLOCAINE Ointment 5% (Lidocaine)?
2025-10-29 21:09:25,998 - src.medical_rag_system - INFO - Searching for: What is its primary indication for XYLOCAINE Ointment 5% (Lidocaine)?
2025-10-29 21:09:25,998 - embedding_manager - INFO - Generating embeddings for 1 texts
2025-10-29 21:09:26,991 - elastic_transport.transport - INFO - POST http://localhost:9200/medical_documents/_search [status:200 duration:0.520s]
2025-10-29 21:09:26,992 - elasticsearch_manager - INFO - Found 20 results for query: What is its primary indication for XYLOCAINE Ointment 5% (Lidocaine)?
2025-10-29 21:09:27,245 - elastic_transport.transport - INFO - POST http://localhost:9200/medical_documents/_search [status:200 duration:0.252s]
2025-10-29 21:09:27,246 - elasticsearch_manager - INFO - Found 10 results for query: What is its primary indication for XYLOCAINE Ointment 5% (Lidocaine)?
2025-10-29 21:09:27,246 - rag_pipeline - INFO - Answering question: What is its primary indication for XYLOCAINE Ointment 5% (Lidocaine)?
2025-10-29 21:09:27,250 - rag_pipeline - INFO - Question type detection - Contra: False, MOA: False, Indication: True, Dosage: False, Side effects: False, Interactions: False, Storage: False, General: False
2025-10-29 21:10:26,608 - src.medical_rag_system - INFO - Initializing Medical RAG System
2025-10-29 21:10:27,350 - embedding_manager - INFO - Loading PubMedBERT model: microsoft/BiomedNLP-PubMedBERT-base-uncased-abstract-fulltext
2025-10-29 21:10:30,023 - embedding_manager - INFO - Loaded FAISS index with 5354 vectors
2025-10-29 21:10:30,047 - elastic_transport.transport - INFO - GET http://localhost:9200/ [status:200 duration:0.023s]
2025-10-29 21:10:30,048 - elasticsearch_manager - INFO - ElasticSearch cluster: docker-cluster
2025-10-29 21:10:30,048 - elasticsearch_manager - INFO - Connected to ElasticSearch at localhost:9200
2025-10-29 21:10:30,048 - rag_pipeline - INFO - Loading PubMedBERT model: microsoft/BiomedNLP-PubMedBERT-base-uncased-abstract-fulltext
2025-10-29 21:10:32,162 - rag_pipeline - INFO - PubMedBERT model loaded successfully
2025-10-29 21:10:32,162 - rag_pipeline - INFO - Loading QA model: ktrapeznikov/biobert_v1.1_pubmed_squad_v2
2025-10-29 21:10:33,062 - rag_pipeline - INFO - QA model loaded successfully
2025-10-29 21:10:33,063 - src.medical_rag_system - INFO - Medical RAG System initialized successfully
2025-10-29 21:10:33,063 - src.medical_rag_system - INFO - Answering question: What is its primary indication for XYLOCAINE Ointment ?
2025-10-29 21:10:33,064 - src.medical_rag_system - INFO - Searching for: What is its primary indication for XYLOCAINE Ointment ?
2025-10-29 21:10:33,064 - embedding_manager - INFO - Generating embeddings for 1 texts
2025-10-29 21:10:33,974 - elastic_transport.transport - INFO - POST http://localhost:9200/medical_documents/_search [status:200 duration:0.419s]
2025-10-29 21:10:33,974 - elasticsearch_manager - INFO - Found 20 results for query: What is its primary indication for XYLOCAINE Ointment ?
2025-10-29 21:10:34,176 - elastic_transport.transport - INFO - POST http://localhost:9200/medical_documents/_search [status:200 duration:0.202s]
2025-10-29 21:10:34,178 - elasticsearch_manager - INFO - Found 10 results for query: What is its primary indication for XYLOCAINE Ointment ?
2025-10-29 21:10:34,178 - rag_pipeline - INFO - Answering question: What is its primary indication for XYLOCAINE Ointment ?
2025-10-29 21:10:34,182 - rag_pipeline - INFO - Question type detection - Contra: False, MOA: False, Indication: True, Dosage: False, Side effects: False, Interactions: False, Storage: False, General: False
2025-10-29 21:18:24,543 - src.medical_rag_system - INFO - Initializing Medical RAG System
2025-10-29 21:18:25,315 - embedding_manager - INFO - Loading PubMedBERT model: microsoft/BiomedNLP-PubMedBERT-base-uncased-abstract-fulltext
2025-10-29 21:18:28,750 - embedding_manager - INFO - Loaded FAISS index with 5354 vectors
2025-10-29 21:18:28,778 - elastic_transport.transport - INFO - GET http://localhost:9200/ [status:200 duration:0.024s]
2025-10-29 21:18:28,779 - elasticsearch_manager - INFO - ElasticSearch cluster: docker-cluster
2025-10-29 21:18:28,781 - elasticsearch_manager - INFO - Connected to ElasticSearch at localhost:9200
2025-10-29 21:18:28,782 - rag_pipeline - INFO - Loading PubMedBERT model: microsoft/BiomedNLP-PubMedBERT-base-uncased-abstract-fulltext
2025-10-29 21:18:31,636 - rag_pipeline - INFO - PubMedBERT model loaded successfully
2025-10-29 21:18:31,637 - rag_pipeline - INFO - Loading QA model: ktrapeznikov/biobert_v1.1_pubmed_squad_v2
2025-10-29 21:18:33,135 - rag_pipeline - INFO - QA model loaded successfully
2025-10-29 21:18:33,136 - src.medical_rag_system - INFO - Medical RAG System initialized successfully
2025-10-29 21:18:33,136 - src.medical_rag_system - INFO - Answering question: What is TAPAZOLE used to treat?
2025-10-29 21:18:33,137 - src.medical_rag_system - INFO - Searching for: What is TAPAZOLE used to treat?
2025-10-29 21:18:33,137 - embedding_manager - INFO - Generating embeddings for 1 texts
2025-10-29 21:18:34,171 - elastic_transport.transport - INFO - POST http://localhost:9200/medical_documents/_search [status:200 duration:0.235s]
2025-10-29 21:18:34,173 - elasticsearch_manager - INFO - Found 20 results for query: What is TAPAZOLE used to treat?
2025-10-29 21:18:34,288 - elastic_transport.transport - INFO - POST http://localhost:9200/medical_documents/_search [status:200 duration:0.114s]
2025-10-29 21:18:34,288 - elasticsearch_manager - INFO - Found 10 results for query: What is TAPAZOLE used to treat?
2025-10-29 21:18:34,288 - rag_pipeline - INFO - Answering question: What is TAPAZOLE used to treat?
2025-10-29 21:18:34,292 - rag_pipeline - INFO - Question type detection - Contra: False, MOA: False, Indication: True, Dosage: False, Side effects: False, Interactions: False, Storage: False, General: False
2025-10-29 21:19:12,423 - src.medical_rag_system - INFO - Initializing Medical RAG System
2025-10-29 21:19:13,144 - embedding_manager - INFO - Loading PubMedBERT model: microsoft/BiomedNLP-PubMedBERT-base-uncased-abstract-fulltext
2025-10-29 21:19:15,851 - embedding_manager - INFO - Loaded FAISS index with 5354 vectors
2025-10-29 21:19:15,870 - elastic_transport.transport - INFO - GET http://localhost:9200/ [status:200 duration:0.018s]
2025-10-29 21:19:15,870 - elasticsearch_manager - INFO - ElasticSearch cluster: docker-cluster
2025-10-29 21:19:15,870 - elasticsearch_manager - INFO - Connected to ElasticSearch at localhost:9200
2025-10-29 21:19:15,870 - rag_pipeline - INFO - Loading PubMedBERT model: microsoft/BiomedNLP-PubMedBERT-base-uncased-abstract-fulltext
2025-10-29 21:19:18,409 - rag_pipeline - INFO - PubMedBERT model loaded successfully
2025-10-29 21:19:18,409 - rag_pipeline - INFO - Loading QA model: ktrapeznikov/biobert_v1.1_pubmed_squad_v2
2025-10-29 21:19:19,356 - rag_pipeline - INFO - QA model loaded successfully
2025-10-29 21:19:19,357 - src.medical_rag_system - INFO - Medical RAG System initialized successfully
2025-10-29 21:19:19,357 - src.medical_rag_system - INFO - Answering question: Can Gravol be used in children under 2 years old?
2025-10-29 21:19:19,357 - src.medical_rag_system - INFO - Searching for: Can Gravol be used in children under 2 years old?
2025-10-29 21:19:19,357 - embedding_manager - INFO - Generating embeddings for 1 texts
2025-10-29 21:19:20,056 - elastic_transport.transport - INFO - POST http://localhost:9200/medical_documents/_search [status:200 duration:0.249s]
2025-10-29 21:19:20,057 - elasticsearch_manager - INFO - Found 20 results for query: Can Gravol be used in children under 2 years old?
2025-10-29 21:19:20,191 - elastic_transport.transport - INFO - POST http://localhost:9200/medical_documents/_search [status:200 duration:0.134s]
2025-10-29 21:19:20,192 - elasticsearch_manager - INFO - Found 10 results for query: Can Gravol be used in children under 2 years old?
2025-10-29 21:19:20,192 - rag_pipeline - INFO - Answering question: Can Gravol be used in children under 2 years old?
2025-10-29 21:19:20,194 - rag_pipeline - INFO - Question type detection - Contra: True, MOA: False, Indication: False, Dosage: False, Side effects: False, Interactions: False, Storage: False, General: False
2025-10-29 21:19:51,110 - src.medical_rag_system - INFO - Initializing Medical RAG System
2025-10-29 21:19:51,660 - embedding_manager - INFO - Loading PubMedBERT model: microsoft/BiomedNLP-PubMedBERT-base-uncased-abstract-fulltext
2025-10-29 21:19:54,326 - embedding_manager - INFO - Loaded FAISS index with 5354 vectors
2025-10-29 21:19:54,339 - elastic_transport.transport - INFO - GET http://localhost:9200/ [status:200 duration:0.012s]
2025-10-29 21:19:54,339 - elasticsearch_manager - INFO - ElasticSearch cluster: docker-cluster
2025-10-29 21:19:54,339 - elasticsearch_manager - INFO - Connected to ElasticSearch at localhost:9200
2025-10-29 21:19:54,340 - rag_pipeline - INFO - Loading PubMedBERT model: microsoft/BiomedNLP-PubMedBERT-base-uncased-abstract-fulltext
2025-10-29 21:19:56,630 - rag_pipeline - INFO - PubMedBERT model loaded successfully
2025-10-29 21:19:56,630 - rag_pipeline - INFO - Loading QA model: ktrapeznikov/biobert_v1.1_pubmed_squad_v2
2025-10-29 21:19:57,804 - rag_pipeline - INFO - QA model loaded successfully
2025-10-29 21:19:57,806 - src.medical_rag_system - INFO - Medical RAG System initialized successfully
2025-10-29 21:19:57,807 - src.medical_rag_system - INFO - Answering question: What are the common side effects of Gravol?
2025-10-29 21:19:57,807 - src.medical_rag_system - INFO - Searching for: What are the common side effects of Gravol?
2025-10-29 21:19:57,807 - embedding_manager - INFO - Generating embeddings for 1 texts
2025-10-29 21:19:58,987 - elastic_transport.transport - INFO - POST http://localhost:9200/medical_documents/_search [status:200 duration:0.300s]
2025-10-29 21:19:58,987 - elasticsearch_manager - INFO - Found 20 results for query: What are the common side effects of Gravol?
2025-10-29 21:19:59,172 - elastic_transport.transport - INFO - POST http://localhost:9200/medical_documents/_search [status:200 duration:0.184s]
2025-10-29 21:19:59,172 - elasticsearch_manager - INFO - Found 10 results for query: What are the common side effects of Gravol?
2025-10-29 21:19:59,173 - rag_pipeline - INFO - Answering question: What are the common side effects of Gravol?
2025-10-29 21:19:59,176 - rag_pipeline - INFO - Question type detection - Contra: False, MOA: False, Indication: False, Dosage: False, Side effects: True, Interactions: False, Storage: False, General: False
